0 info it worked if it ends with ok
1 verbose cli [ 'C:\\Program Files\\nodejs\\node.exe',
1 verbose cli   'C:\\Program Files\\nodejs\\node_modules\\npm\\bin\\npm-cli.js',
1 verbose cli   'install',
1 verbose cli   'bcrypt' ]
2 info using npm@3.8.9
3 info using node@v6.2.0
4 silly loadCurrentTree Starting
5 silly install loadCurrentTree
6 silly install readLocalPackageData
7 silly fetchPackageMetaData bcrypt
8 silly fetchNamedPackageData bcrypt
9 silly mapToRegistry name bcrypt
10 silly mapToRegistry using default registry
11 silly mapToRegistry registry https://registry.npmjs.org/
12 silly mapToRegistry data Result {
12 silly mapToRegistry   raw: 'bcrypt',
12 silly mapToRegistry   scope: null,
12 silly mapToRegistry   name: 'bcrypt',
12 silly mapToRegistry   rawSpec: '',
12 silly mapToRegistry   spec: 'latest',
12 silly mapToRegistry   type: 'tag' }
13 silly mapToRegistry uri https://registry.npmjs.org/bcrypt
14 verbose request uri https://registry.npmjs.org/bcrypt
15 verbose request no auth needed
16 info attempt registry request try #1 at 1:48:30 AM
17 verbose request id 5f5baf7d5e3fe90d
18 http request GET https://registry.npmjs.org/bcrypt
19 http 200 https://registry.npmjs.org/bcrypt
20 verbose headers { server: 'nginx/1.10.1',
20 verbose headers   'content-type': 'application/json',
20 verbose headers   'last-modified': 'Wed, 16 Nov 2016 19:24:01 GMT',
20 verbose headers   etag: 'W/"582cb251-1423e"',
20 verbose headers   'content-encoding': 'gzip',
20 verbose headers   'cache-control': 'max-age=300',
20 verbose headers   'content-length': '9932',
20 verbose headers   'accept-ranges': 'bytes',
20 verbose headers   date: 'Fri, 18 Nov 2016 06:48:29 GMT',
20 verbose headers   via: '1.1 varnish',
20 verbose headers   age: '271',
20 verbose headers   connection: 'keep-alive',
20 verbose headers   'x-served-by': 'cache-jfk8147-JFK',
20 verbose headers   'x-cache': 'HIT',
20 verbose headers   'x-cache-hits': '1',
20 verbose headers   'x-timer': 'S1479451709.263417,VS0,VE0',
20 verbose headers   vary: 'Accept-Encoding' }
21 silly get cb [ 200,
21 silly get   { server: 'nginx/1.10.1',
21 silly get     'content-type': 'application/json',
21 silly get     'last-modified': 'Wed, 16 Nov 2016 19:24:01 GMT',
21 silly get     etag: 'W/"582cb251-1423e"',
21 silly get     'content-encoding': 'gzip',
21 silly get     'cache-control': 'max-age=300',
21 silly get     'content-length': '9932',
21 silly get     'accept-ranges': 'bytes',
21 silly get     date: 'Fri, 18 Nov 2016 06:48:29 GMT',
21 silly get     via: '1.1 varnish',
21 silly get     age: '271',
21 silly get     connection: 'keep-alive',
21 silly get     'x-served-by': 'cache-jfk8147-JFK',
21 silly get     'x-cache': 'HIT',
21 silly get     'x-cache-hits': '1',
21 silly get     'x-timer': 'S1479451709.263417,VS0,VE0',
21 silly get     vary: 'Accept-Encoding' } ]
22 verbose get saving bcrypt to C:\Users\ajays\AppData\Roaming\npm-cache\registry.npmjs.org\bcrypt\.cache.json
23 verbose correctMkdir C:\Users\ajays\AppData\Roaming\npm-cache correctMkdir not in flight; initializing
24 silly install normalizeTree
25 silly loadCurrentTree Finishing
26 silly loadIdealTree Starting
27 silly install loadIdealTree
28 silly cloneCurrentTree Starting
29 silly install cloneCurrentTreeToIdealTree
30 silly cloneCurrentTree Finishing
31 silly loadShrinkwrap Starting
32 silly install loadShrinkwrap
33 silly loadShrinkwrap Finishing
34 silly loadAllDepsIntoIdealTree Starting
35 silly install loadAllDepsIntoIdealTree
36 silly resolveWithNewModule bcrypt@0.8.7 checking installable status
37 silly cache add args [ 'bcrypt', null ]
38 verbose cache add spec bcrypt
39 silly cache add parsed spec Result {
39 silly cache add   raw: 'bcrypt',
39 silly cache add   scope: null,
39 silly cache add   name: 'bcrypt',
39 silly cache add   rawSpec: '',
39 silly cache add   spec: 'latest',
39 silly cache add   type: 'tag' }
40 silly addNamed bcrypt@latest
41 verbose addNamed "latest" is being treated as a dist-tag for bcrypt
42 info addNameTag [ 'bcrypt', 'latest' ]
43 silly mapToRegistry name bcrypt
44 silly mapToRegistry using default registry
45 silly mapToRegistry registry https://registry.npmjs.org/
46 silly mapToRegistry data Result {
46 silly mapToRegistry   raw: 'bcrypt',
46 silly mapToRegistry   scope: null,
46 silly mapToRegistry   name: 'bcrypt',
46 silly mapToRegistry   rawSpec: '',
46 silly mapToRegistry   spec: 'latest',
46 silly mapToRegistry   type: 'tag' }
47 silly mapToRegistry uri https://registry.npmjs.org/bcrypt
48 verbose addNameTag registry:https://registry.npmjs.org/bcrypt not in flight; fetching
49 verbose get https://registry.npmjs.org/bcrypt not expired, no request
50 silly addNameTag next cb for bcrypt with tag latest
51 silly addNamed bcrypt@0.8.7
52 verbose addNamed "0.8.7" is a plain semver version for bcrypt
53 silly mapToRegistry name bcrypt
54 silly mapToRegistry using default registry
55 silly mapToRegistry registry https://registry.npmjs.org/
56 silly mapToRegistry data Result {
56 silly mapToRegistry   raw: 'bcrypt',
56 silly mapToRegistry   scope: null,
56 silly mapToRegistry   name: 'bcrypt',
56 silly mapToRegistry   rawSpec: '',
56 silly mapToRegistry   spec: 'latest',
56 silly mapToRegistry   type: 'tag' }
57 silly mapToRegistry uri https://registry.npmjs.org/bcrypt
58 verbose addRemoteTarball https://registry.npmjs.org/bcrypt/-/bcrypt-0.8.7.tgz not in flight; adding
59 verbose addRemoteTarball [ 'https://registry.npmjs.org/bcrypt/-/bcrypt-0.8.7.tgz',
59 verbose addRemoteTarball   'bc3875a9afd0a7b2cd231a6a7f218a5ce156b093' ]
60 info retry fetch attempt 1 at 1:48:30 AM
61 info attempt registry request try #1 at 1:48:30 AM
62 http fetch GET https://registry.npmjs.org/bcrypt/-/bcrypt-0.8.7.tgz
63 http fetch 200 https://registry.npmjs.org/bcrypt/-/bcrypt-0.8.7.tgz
64 silly fetchAndShaCheck shasum bc3875a9afd0a7b2cd231a6a7f218a5ce156b093
65 verbose addTmpTarball C:\Users\ajays\AppData\Local\Temp\npm-13500-db0ade45\registry.npmjs.org\bcrypt\-\bcrypt-0.8.7.tgz not in flight; adding
66 verbose addTmpTarball already have metadata; skipping unpack for bcrypt@0.8.7
67 verbose correctMkdir C:\Users\ajays\AppData\Roaming\npm-cache correctMkdir not in flight; initializing
68 silly cache afterAdd bcrypt@0.8.7
69 verbose afterAdd C:\Users\ajays\AppData\Roaming\npm-cache\bcrypt\0.8.7\package\package.json not in flight; writing
70 verbose correctMkdir C:\Users\ajays\AppData\Roaming\npm-cache correctMkdir not in flight; initializing
71 verbose afterAdd C:\Users\ajays\AppData\Roaming\npm-cache\bcrypt\0.8.7\package\package.json written
72 silly fetchNamedPackageData bindings
73 silly mapToRegistry name bindings
74 silly mapToRegistry using default registry
75 silly mapToRegistry registry https://registry.npmjs.org/
76 silly mapToRegistry data Result {
76 silly mapToRegistry   raw: 'bindings',
76 silly mapToRegistry   scope: null,
76 silly mapToRegistry   name: 'bindings',
76 silly mapToRegistry   rawSpec: '',
76 silly mapToRegistry   spec: 'latest',
76 silly mapToRegistry   type: 'tag' }
77 silly mapToRegistry uri https://registry.npmjs.org/bindings
78 silly fetchNamedPackageData nan
79 silly mapToRegistry name nan
80 silly mapToRegistry using default registry
81 silly mapToRegistry registry https://registry.npmjs.org/
82 silly mapToRegistry data Result {
82 silly mapToRegistry   raw: 'nan',
82 silly mapToRegistry   scope: null,
82 silly mapToRegistry   name: 'nan',
82 silly mapToRegistry   rawSpec: '',
82 silly mapToRegistry   spec: 'latest',
82 silly mapToRegistry   type: 'tag' }
83 silly mapToRegistry uri https://registry.npmjs.org/nan
84 verbose request uri https://registry.npmjs.org/bindings
85 verbose request no auth needed
86 info attempt registry request try #1 at 1:48:30 AM
87 http request GET https://registry.npmjs.org/bindings
88 verbose request uri https://registry.npmjs.org/nan
89 verbose request no auth needed
90 info attempt registry request try #1 at 1:48:30 AM
91 http request GET https://registry.npmjs.org/nan
92 http 200 https://registry.npmjs.org/bindings
93 verbose headers { server: 'nginx/1.10.1',
93 verbose headers   'content-type': 'application/json',
93 verbose headers   'last-modified': 'Tue, 18 Oct 2016 15:54:59 GMT',
93 verbose headers   etag: 'W/"580645d3-46f7"',
93 verbose headers   'content-encoding': 'gzip',
93 verbose headers   'cache-control': 'max-age=300',
93 verbose headers   'content-length': '3493',
93 verbose headers   'accept-ranges': 'bytes',
93 verbose headers   date: 'Fri, 18 Nov 2016 06:48:29 GMT',
93 verbose headers   via: '1.1 varnish',
93 verbose headers   age: '272',
93 verbose headers   connection: 'keep-alive',
93 verbose headers   'x-served-by': 'cache-jfk8147-JFK',
93 verbose headers   'x-cache': 'HIT',
93 verbose headers   'x-cache-hits': '1',
93 verbose headers   'x-timer': 'S1479451709.453585,VS0,VE0',
93 verbose headers   vary: 'Accept-Encoding' }
94 silly get cb [ 200,
94 silly get   { server: 'nginx/1.10.1',
94 silly get     'content-type': 'application/json',
94 silly get     'last-modified': 'Tue, 18 Oct 2016 15:54:59 GMT',
94 silly get     etag: 'W/"580645d3-46f7"',
94 silly get     'content-encoding': 'gzip',
94 silly get     'cache-control': 'max-age=300',
94 silly get     'content-length': '3493',
94 silly get     'accept-ranges': 'bytes',
94 silly get     date: 'Fri, 18 Nov 2016 06:48:29 GMT',
94 silly get     via: '1.1 varnish',
94 silly get     age: '272',
94 silly get     connection: 'keep-alive',
94 silly get     'x-served-by': 'cache-jfk8147-JFK',
94 silly get     'x-cache': 'HIT',
94 silly get     'x-cache-hits': '1',
94 silly get     'x-timer': 'S1479451709.453585,VS0,VE0',
94 silly get     vary: 'Accept-Encoding' } ]
95 verbose get saving bindings to C:\Users\ajays\AppData\Roaming\npm-cache\registry.npmjs.org\bindings\.cache.json
96 verbose correctMkdir C:\Users\ajays\AppData\Roaming\npm-cache correctMkdir not in flight; initializing
97 silly resolveWithNewModule bindings@1.2.1 checking installable status
98 silly cache add args [ 'bindings@1.2.1', null ]
99 verbose cache add spec bindings@1.2.1
100 silly cache add parsed spec Result {
100 silly cache add   raw: 'bindings@1.2.1',
100 silly cache add   scope: null,
100 silly cache add   name: 'bindings',
100 silly cache add   rawSpec: '1.2.1',
100 silly cache add   spec: '1.2.1',
100 silly cache add   type: 'version' }
101 silly addNamed bindings@1.2.1
102 verbose addNamed "1.2.1" is a plain semver version for bindings
103 silly mapToRegistry name bindings
104 silly mapToRegistry using default registry
105 silly mapToRegistry registry https://registry.npmjs.org/
106 silly mapToRegistry data Result {
106 silly mapToRegistry   raw: 'bindings',
106 silly mapToRegistry   scope: null,
106 silly mapToRegistry   name: 'bindings',
106 silly mapToRegistry   rawSpec: '',
106 silly mapToRegistry   spec: 'latest',
106 silly mapToRegistry   type: 'tag' }
107 silly mapToRegistry uri https://registry.npmjs.org/bindings
108 verbose addNameVersion registry:https://registry.npmjs.org/bindings not in flight; fetching
109 verbose get https://registry.npmjs.org/bindings not expired, no request
110 silly mapToRegistry name bindings
111 silly mapToRegistry using default registry
112 silly mapToRegistry registry https://registry.npmjs.org/
113 silly mapToRegistry data Result {
113 silly mapToRegistry   raw: 'bindings',
113 silly mapToRegistry   scope: null,
113 silly mapToRegistry   name: 'bindings',
113 silly mapToRegistry   rawSpec: '',
113 silly mapToRegistry   spec: 'latest',
113 silly mapToRegistry   type: 'tag' }
114 silly mapToRegistry uri https://registry.npmjs.org/bindings
115 verbose addRemoteTarball https://registry.npmjs.org/bindings/-/bindings-1.2.1.tgz not in flight; adding
116 verbose addRemoteTarball [ 'https://registry.npmjs.org/bindings/-/bindings-1.2.1.tgz',
116 verbose addRemoteTarball   '14ad6113812d2d37d72e67b4cacb4bb726505f11' ]
117 info retry fetch attempt 1 at 1:48:30 AM
118 info attempt registry request try #1 at 1:48:30 AM
119 http fetch GET https://registry.npmjs.org/bindings/-/bindings-1.2.1.tgz
120 http fetch 200 https://registry.npmjs.org/bindings/-/bindings-1.2.1.tgz
121 silly fetchAndShaCheck shasum 14ad6113812d2d37d72e67b4cacb4bb726505f11
122 verbose addTmpTarball C:\Users\ajays\AppData\Local\Temp\npm-13500-db0ade45\registry.npmjs.org\bindings\-\bindings-1.2.1.tgz not in flight; adding
123 verbose addTmpTarball already have metadata; skipping unpack for bindings@1.2.1
124 verbose correctMkdir C:\Users\ajays\AppData\Roaming\npm-cache correctMkdir not in flight; initializing
125 silly cache afterAdd bindings@1.2.1
126 verbose afterAdd C:\Users\ajays\AppData\Roaming\npm-cache\bindings\1.2.1\package\package.json not in flight; writing
127 verbose correctMkdir C:\Users\ajays\AppData\Roaming\npm-cache correctMkdir not in flight; initializing
128 verbose afterAdd C:\Users\ajays\AppData\Roaming\npm-cache\bindings\1.2.1\package\package.json written
129 http 200 https://registry.npmjs.org/nan
130 verbose headers { server: 'nginx/1.10.1',
130 verbose headers   'content-type': 'application/json',
130 verbose headers   'last-modified': 'Tue, 01 Nov 2016 17:56:25 GMT',
130 verbose headers   etag: 'W/"5818d749-1ce1e"',
130 verbose headers   'content-encoding': 'gzip',
130 verbose headers   'cache-control': 'max-age=300',
130 verbose headers   'content-length': '14063',
130 verbose headers   'accept-ranges': 'bytes',
130 verbose headers   date: 'Fri, 18 Nov 2016 06:48:29 GMT',
130 verbose headers   via: '1.1 varnish',
130 verbose headers   age: '189',
130 verbose headers   connection: 'keep-alive',
130 verbose headers   'x-served-by': 'cache-jfk8131-JFK',
130 verbose headers   'x-cache': 'HIT',
130 verbose headers   'x-cache-hits': '1',
130 verbose headers   'x-timer': 'S1479451709.496395,VS0,VE0',
130 verbose headers   vary: 'Accept-Encoding' }
131 silly get cb [ 200,
131 silly get   { server: 'nginx/1.10.1',
131 silly get     'content-type': 'application/json',
131 silly get     'last-modified': 'Tue, 01 Nov 2016 17:56:25 GMT',
131 silly get     etag: 'W/"5818d749-1ce1e"',
131 silly get     'content-encoding': 'gzip',
131 silly get     'cache-control': 'max-age=300',
131 silly get     'content-length': '14063',
131 silly get     'accept-ranges': 'bytes',
131 silly get     date: 'Fri, 18 Nov 2016 06:48:29 GMT',
131 silly get     via: '1.1 varnish',
131 silly get     age: '189',
131 silly get     connection: 'keep-alive',
131 silly get     'x-served-by': 'cache-jfk8131-JFK',
131 silly get     'x-cache': 'HIT',
131 silly get     'x-cache-hits': '1',
131 silly get     'x-timer': 'S1479451709.496395,VS0,VE0',
131 silly get     vary: 'Accept-Encoding' } ]
132 verbose get saving nan to C:\Users\ajays\AppData\Roaming\npm-cache\registry.npmjs.org\nan\.cache.json
133 verbose correctMkdir C:\Users\ajays\AppData\Roaming\npm-cache correctMkdir not in flight; initializing
134 silly resolveWithNewModule nan@2.3.5 checking installable status
135 silly cache add args [ 'nan@2.3.5', null ]
136 verbose cache add spec nan@2.3.5
137 silly cache add parsed spec Result {
137 silly cache add   raw: 'nan@2.3.5',
137 silly cache add   scope: null,
137 silly cache add   name: 'nan',
137 silly cache add   rawSpec: '2.3.5',
137 silly cache add   spec: '2.3.5',
137 silly cache add   type: 'version' }
138 silly addNamed nan@2.3.5
139 verbose addNamed "2.3.5" is a plain semver version for nan
140 silly mapToRegistry name nan
141 silly mapToRegistry using default registry
142 silly mapToRegistry registry https://registry.npmjs.org/
143 silly mapToRegistry data Result {
143 silly mapToRegistry   raw: 'nan',
143 silly mapToRegistry   scope: null,
143 silly mapToRegistry   name: 'nan',
143 silly mapToRegistry   rawSpec: '',
143 silly mapToRegistry   spec: 'latest',
143 silly mapToRegistry   type: 'tag' }
144 silly mapToRegistry uri https://registry.npmjs.org/nan
145 verbose addNameVersion registry:https://registry.npmjs.org/nan not in flight; fetching
146 verbose get https://registry.npmjs.org/nan not expired, no request
147 silly mapToRegistry name nan
148 silly mapToRegistry using default registry
149 silly mapToRegistry registry https://registry.npmjs.org/
150 silly mapToRegistry data Result {
150 silly mapToRegistry   raw: 'nan',
150 silly mapToRegistry   scope: null,
150 silly mapToRegistry   name: 'nan',
150 silly mapToRegistry   rawSpec: '',
150 silly mapToRegistry   spec: 'latest',
150 silly mapToRegistry   type: 'tag' }
151 silly mapToRegistry uri https://registry.npmjs.org/nan
152 verbose addRemoteTarball https://registry.npmjs.org/nan/-/nan-2.3.5.tgz not in flight; adding
153 verbose addRemoteTarball [ 'https://registry.npmjs.org/nan/-/nan-2.3.5.tgz',
153 verbose addRemoteTarball   '822a0dc266290ce4cd3a12282ca3e7e364668a08' ]
154 info retry fetch attempt 1 at 1:48:31 AM
155 info attempt registry request try #1 at 1:48:31 AM
156 http fetch GET https://registry.npmjs.org/nan/-/nan-2.3.5.tgz
157 http fetch 200 https://registry.npmjs.org/nan/-/nan-2.3.5.tgz
158 silly fetchAndShaCheck shasum 822a0dc266290ce4cd3a12282ca3e7e364668a08
159 verbose addTmpTarball C:\Users\ajays\AppData\Local\Temp\npm-13500-db0ade45\registry.npmjs.org\nan\-\nan-2.3.5.tgz not in flight; adding
160 verbose addTmpTarball already have metadata; skipping unpack for nan@2.3.5
161 verbose correctMkdir C:\Users\ajays\AppData\Roaming\npm-cache correctMkdir not in flight; initializing
162 silly cache afterAdd nan@2.3.5
163 verbose afterAdd C:\Users\ajays\AppData\Roaming\npm-cache\nan\2.3.5\package\package.json not in flight; writing
164 verbose correctMkdir C:\Users\ajays\AppData\Roaming\npm-cache correctMkdir not in flight; initializing
165 verbose afterAdd C:\Users\ajays\AppData\Roaming\npm-cache\nan\2.3.5\package\package.json written
166 silly loadAllDepsIntoIdealTree Finishing
167 silly idealTree:prePrune kanban_cs546@1.0.0
167 silly idealTree:prePrune +-- accepts@1.3.3
167 silly idealTree:prePrune +-- align-text@0.1.4
167 silly idealTree:prePrune +-- amdefine@1.0.1
167 silly idealTree:prePrune +-- array-flatten@1.1.1
167 silly idealTree:prePrune +-- asap@2.0.5
167 silly idealTree:prePrune +-- async@1.5.2
167 silly idealTree:prePrune +-- balanced-match@0.4.2
167 silly idealTree:prePrune +-- bcrypt@0.8.7
167 silly idealTree:prePrune +-- bindings@1.2.1
167 silly idealTree:prePrune +-- body-parser@1.15.2
167 silly idealTree:prePrune +-- brace-expansion@1.1.6
167 silly idealTree:prePrune +-- bson@0.5.6
167 silly idealTree:prePrune +-- buffer-shims@1.0.0
167 silly idealTree:prePrune +-- bytes@2.4.0
167 silly idealTree:prePrune +-- camelcase@1.2.1
167 silly idealTree:prePrune +-- center-align@0.1.3
167 silly idealTree:prePrune +-- cliui@2.1.0
167 silly idealTree:prePrune | `-- wordwrap@0.0.2
167 silly idealTree:prePrune +-- concat-map@0.0.1
167 silly idealTree:prePrune +-- content-disposition@0.5.1
167 silly idealTree:prePrune +-- content-type@1.0.2
167 silly idealTree:prePrune +-- cookie-signature@1.0.6
167 silly idealTree:prePrune +-- cookie@0.3.1
167 silly idealTree:prePrune +-- core-util-is@1.0.2
167 silly idealTree:prePrune +-- debug@2.2.0
167 silly idealTree:prePrune +-- decamelize@1.2.0
167 silly idealTree:prePrune +-- define-properties@1.1.2
167 silly idealTree:prePrune +-- depd@1.1.0
167 silly idealTree:prePrune +-- destroy@1.0.4
167 silly idealTree:prePrune +-- ee-first@1.1.1
167 silly idealTree:prePrune +-- encodeurl@1.0.1
167 silly idealTree:prePrune +-- es6-promise@3.2.1
167 silly idealTree:prePrune +-- escape-html@1.0.3
167 silly idealTree:prePrune +-- etag@1.7.0
167 silly idealTree:prePrune +-- express-handlebars@3.0.0
167 silly idealTree:prePrune +-- express@4.14.0
167 silly idealTree:prePrune +-- finalhandler@0.5.0
167 silly idealTree:prePrune +-- foreach@2.0.5
167 silly idealTree:prePrune +-- forwarded@0.1.0
167 silly idealTree:prePrune +-- fresh@0.3.0
167 silly idealTree:prePrune +-- function-bind@1.1.0
167 silly idealTree:prePrune +-- glob@6.0.4
167 silly idealTree:prePrune +-- graceful-fs@4.1.10
167 silly idealTree:prePrune +-- handlebars@4.0.5
167 silly idealTree:prePrune +-- http-errors@1.5.0
167 silly idealTree:prePrune | `-- inherits@2.0.1
167 silly idealTree:prePrune +-- iconv-lite@0.4.13
167 silly idealTree:prePrune +-- inflight@1.0.6
167 silly idealTree:prePrune +-- inherits@2.0.3
167 silly idealTree:prePrune +-- ipaddr.js@1.1.1
167 silly idealTree:prePrune +-- is-buffer@1.1.4
167 silly idealTree:prePrune +-- isarray@1.0.0
167 silly idealTree:prePrune +-- kind-of@3.0.4
167 silly idealTree:prePrune +-- lazy-cache@1.0.4
167 silly idealTree:prePrune +-- longest@1.0.1
167 silly idealTree:prePrune +-- media-typer@0.3.0
167 silly idealTree:prePrune +-- merge-descriptors@1.0.1
167 silly idealTree:prePrune +-- methods@1.1.2
167 silly idealTree:prePrune +-- mime-db@1.24.0
167 silly idealTree:prePrune +-- mime-types@2.1.12
167 silly idealTree:prePrune +-- mime@1.3.4
167 silly idealTree:prePrune +-- minimatch@3.0.3
167 silly idealTree:prePrune +-- minimist@0.0.10
167 silly idealTree:prePrune +-- mongodb-core@2.0.13
167 silly idealTree:prePrune +-- mongodb@2.2.11
167 silly idealTree:prePrune +-- ms@0.7.1
167 silly idealTree:prePrune +-- nan@2.3.5
167 silly idealTree:prePrune +-- negotiator@0.6.1
167 silly idealTree:prePrune +-- node-uuid@1.4.7
167 silly idealTree:prePrune +-- object-keys@1.0.11
167 silly idealTree:prePrune +-- object.assign@4.0.4
167 silly idealTree:prePrune +-- on-finished@2.3.0
167 silly idealTree:prePrune +-- once@1.4.0
167 silly idealTree:prePrune +-- optimist@0.6.1
167 silly idealTree:prePrune +-- parseurl@1.3.1
167 silly idealTree:prePrune +-- path-is-absolute@1.0.1
167 silly idealTree:prePrune +-- path-to-regexp@0.1.7
167 silly idealTree:prePrune +-- process-nextick-args@1.0.7
167 silly idealTree:prePrune +-- promise@7.1.1
167 silly idealTree:prePrune +-- proxy-addr@1.1.2
167 silly idealTree:prePrune +-- qs@6.2.0
167 silly idealTree:prePrune +-- range-parser@1.2.0
167 silly idealTree:prePrune +-- raw-body@2.1.7
167 silly idealTree:prePrune +-- readable-stream@2.1.5
167 silly idealTree:prePrune +-- repeat-string@1.6.1
167 silly idealTree:prePrune +-- require_optional@1.0.0
167 silly idealTree:prePrune +-- resolve-from@2.0.0
167 silly idealTree:prePrune +-- right-align@0.1.3
167 silly idealTree:prePrune +-- semver@5.3.0
167 silly idealTree:prePrune +-- send@0.14.1
167 silly idealTree:prePrune +-- serve-static@1.11.1
167 silly idealTree:prePrune +-- setprototypeof@1.0.1
167 silly idealTree:prePrune +-- source-map@0.4.4
167 silly idealTree:prePrune +-- statuses@1.3.0
167 silly idealTree:prePrune +-- string_decoder@0.10.31
167 silly idealTree:prePrune +-- type-is@1.6.13
167 silly idealTree:prePrune +-- uglify-js@2.7.4
167 silly idealTree:prePrune | +-- async@0.2.10
167 silly idealTree:prePrune | `-- source-map@0.5.6
167 silly idealTree:prePrune +-- uglify-to-browserify@1.0.2
167 silly idealTree:prePrune +-- unpipe@1.0.0
167 silly idealTree:prePrune +-- util-deprecate@1.0.2
167 silly idealTree:prePrune +-- utils-merge@1.0.0
167 silly idealTree:prePrune +-- vary@1.1.0
167 silly idealTree:prePrune +-- window-size@0.1.0
167 silly idealTree:prePrune +-- wordwrap@0.0.3
167 silly idealTree:prePrune +-- wrappy@1.0.2
167 silly idealTree:prePrune `-- yargs@3.10.0
168 silly loadIdealTree Finishing
169 silly currentTree kanban_cs546@1.0.0
169 silly currentTree +-- accepts@1.3.3
169 silly currentTree +-- align-text@0.1.4
169 silly currentTree +-- amdefine@1.0.1
169 silly currentTree +-- array-flatten@1.1.1
169 silly currentTree +-- asap@2.0.5
169 silly currentTree +-- async@1.5.2
169 silly currentTree +-- balanced-match@0.4.2
169 silly currentTree +-- body-parser@1.15.2
169 silly currentTree +-- brace-expansion@1.1.6
169 silly currentTree +-- bson@0.5.6
169 silly currentTree +-- buffer-shims@1.0.0
169 silly currentTree +-- bytes@2.4.0
169 silly currentTree +-- camelcase@1.2.1
169 silly currentTree +-- center-align@0.1.3
169 silly currentTree +-- cliui@2.1.0
169 silly currentTree | `-- wordwrap@0.0.2
169 silly currentTree +-- concat-map@0.0.1
169 silly currentTree +-- content-disposition@0.5.1
169 silly currentTree +-- content-type@1.0.2
169 silly currentTree +-- cookie-signature@1.0.6
169 silly currentTree +-- cookie@0.3.1
169 silly currentTree +-- core-util-is@1.0.2
169 silly currentTree +-- debug@2.2.0
169 silly currentTree +-- decamelize@1.2.0
169 silly currentTree +-- define-properties@1.1.2
169 silly currentTree +-- depd@1.1.0
169 silly currentTree +-- destroy@1.0.4
169 silly currentTree +-- ee-first@1.1.1
169 silly currentTree +-- encodeurl@1.0.1
169 silly currentTree +-- es6-promise@3.2.1
169 silly currentTree +-- escape-html@1.0.3
169 silly currentTree +-- etag@1.7.0
169 silly currentTree +-- express-handlebars@3.0.0
169 silly currentTree +-- express@4.14.0
169 silly currentTree +-- finalhandler@0.5.0
169 silly currentTree +-- foreach@2.0.5
169 silly currentTree +-- forwarded@0.1.0
169 silly currentTree +-- fresh@0.3.0
169 silly currentTree +-- function-bind@1.1.0
169 silly currentTree +-- glob@6.0.4
169 silly currentTree +-- graceful-fs@4.1.10
169 silly currentTree +-- handlebars@4.0.5
169 silly currentTree +-- http-errors@1.5.0
169 silly currentTree | `-- inherits@2.0.1
169 silly currentTree +-- iconv-lite@0.4.13
169 silly currentTree +-- inflight@1.0.6
169 silly currentTree +-- inherits@2.0.3
169 silly currentTree +-- ipaddr.js@1.1.1
169 silly currentTree +-- is-buffer@1.1.4
169 silly currentTree +-- isarray@1.0.0
169 silly currentTree +-- kind-of@3.0.4
169 silly currentTree +-- lazy-cache@1.0.4
169 silly currentTree +-- longest@1.0.1
169 silly currentTree +-- media-typer@0.3.0
169 silly currentTree +-- merge-descriptors@1.0.1
169 silly currentTree +-- methods@1.1.2
169 silly currentTree +-- mime-db@1.24.0
169 silly currentTree +-- mime-types@2.1.12
169 silly currentTree +-- mime@1.3.4
169 silly currentTree +-- minimatch@3.0.3
169 silly currentTree +-- minimist@0.0.10
169 silly currentTree +-- mongodb-core@2.0.13
169 silly currentTree +-- mongodb@2.2.11
169 silly currentTree +-- ms@0.7.1
169 silly currentTree +-- negotiator@0.6.1
169 silly currentTree +-- node-uuid@1.4.7
169 silly currentTree +-- object-keys@1.0.11
169 silly currentTree +-- object.assign@4.0.4
169 silly currentTree +-- on-finished@2.3.0
169 silly currentTree +-- once@1.4.0
169 silly currentTree +-- optimist@0.6.1
169 silly currentTree +-- parseurl@1.3.1
169 silly currentTree +-- path-is-absolute@1.0.1
169 silly currentTree +-- path-to-regexp@0.1.7
169 silly currentTree +-- process-nextick-args@1.0.7
169 silly currentTree +-- promise@7.1.1
169 silly currentTree +-- proxy-addr@1.1.2
169 silly currentTree +-- qs@6.2.0
169 silly currentTree +-- range-parser@1.2.0
169 silly currentTree +-- raw-body@2.1.7
169 silly currentTree +-- readable-stream@2.1.5
169 silly currentTree +-- repeat-string@1.6.1
169 silly currentTree +-- require_optional@1.0.0
169 silly currentTree +-- resolve-from@2.0.0
169 silly currentTree +-- right-align@0.1.3
169 silly currentTree +-- semver@5.3.0
169 silly currentTree +-- send@0.14.1
169 silly currentTree +-- serve-static@1.11.1
169 silly currentTree +-- setprototypeof@1.0.1
169 silly currentTree +-- source-map@0.4.4
169 silly currentTree +-- statuses@1.3.0
169 silly currentTree +-- string_decoder@0.10.31
169 silly currentTree +-- type-is@1.6.13
169 silly currentTree +-- uglify-js@2.7.4
169 silly currentTree | +-- async@0.2.10
169 silly currentTree | `-- source-map@0.5.6
169 silly currentTree +-- uglify-to-browserify@1.0.2
169 silly currentTree +-- unpipe@1.0.0
169 silly currentTree +-- util-deprecate@1.0.2
169 silly currentTree +-- utils-merge@1.0.0
169 silly currentTree +-- vary@1.1.0
169 silly currentTree +-- window-size@0.1.0
169 silly currentTree +-- wordwrap@0.0.3
169 silly currentTree +-- wrappy@1.0.2
169 silly currentTree `-- yargs@3.10.0
170 silly idealTree kanban_cs546@1.0.0
170 silly idealTree +-- accepts@1.3.3
170 silly idealTree +-- align-text@0.1.4
170 silly idealTree +-- amdefine@1.0.1
170 silly idealTree +-- array-flatten@1.1.1
170 silly idealTree +-- asap@2.0.5
170 silly idealTree +-- async@1.5.2
170 silly idealTree +-- balanced-match@0.4.2
170 silly idealTree +-- bcrypt@0.8.7
170 silly idealTree +-- bindings@1.2.1
170 silly idealTree +-- body-parser@1.15.2
170 silly idealTree +-- brace-expansion@1.1.6
170 silly idealTree +-- bson@0.5.6
170 silly idealTree +-- buffer-shims@1.0.0
170 silly idealTree +-- bytes@2.4.0
170 silly idealTree +-- camelcase@1.2.1
170 silly idealTree +-- center-align@0.1.3
170 silly idealTree +-- cliui@2.1.0
170 silly idealTree | `-- wordwrap@0.0.2
170 silly idealTree +-- concat-map@0.0.1
170 silly idealTree +-- content-disposition@0.5.1
170 silly idealTree +-- content-type@1.0.2
170 silly idealTree +-- cookie-signature@1.0.6
170 silly idealTree +-- cookie@0.3.1
170 silly idealTree +-- core-util-is@1.0.2
170 silly idealTree +-- debug@2.2.0
170 silly idealTree +-- decamelize@1.2.0
170 silly idealTree +-- define-properties@1.1.2
170 silly idealTree +-- depd@1.1.0
170 silly idealTree +-- destroy@1.0.4
170 silly idealTree +-- ee-first@1.1.1
170 silly idealTree +-- encodeurl@1.0.1
170 silly idealTree +-- es6-promise@3.2.1
170 silly idealTree +-- escape-html@1.0.3
170 silly idealTree +-- etag@1.7.0
170 silly idealTree +-- express-handlebars@3.0.0
170 silly idealTree +-- express@4.14.0
170 silly idealTree +-- finalhandler@0.5.0
170 silly idealTree +-- foreach@2.0.5
170 silly idealTree +-- forwarded@0.1.0
170 silly idealTree +-- fresh@0.3.0
170 silly idealTree +-- function-bind@1.1.0
170 silly idealTree +-- glob@6.0.4
170 silly idealTree +-- graceful-fs@4.1.10
170 silly idealTree +-- handlebars@4.0.5
170 silly idealTree +-- http-errors@1.5.0
170 silly idealTree | `-- inherits@2.0.1
170 silly idealTree +-- iconv-lite@0.4.13
170 silly idealTree +-- inflight@1.0.6
170 silly idealTree +-- inherits@2.0.3
170 silly idealTree +-- ipaddr.js@1.1.1
170 silly idealTree +-- is-buffer@1.1.4
170 silly idealTree +-- isarray@1.0.0
170 silly idealTree +-- kind-of@3.0.4
170 silly idealTree +-- lazy-cache@1.0.4
170 silly idealTree +-- longest@1.0.1
170 silly idealTree +-- media-typer@0.3.0
170 silly idealTree +-- merge-descriptors@1.0.1
170 silly idealTree +-- methods@1.1.2
170 silly idealTree +-- mime-db@1.24.0
170 silly idealTree +-- mime-types@2.1.12
170 silly idealTree +-- mime@1.3.4
170 silly idealTree +-- minimatch@3.0.3
170 silly idealTree +-- minimist@0.0.10
170 silly idealTree +-- mongodb-core@2.0.13
170 silly idealTree +-- mongodb@2.2.11
170 silly idealTree +-- ms@0.7.1
170 silly idealTree +-- nan@2.3.5
170 silly idealTree +-- negotiator@0.6.1
170 silly idealTree +-- node-uuid@1.4.7
170 silly idealTree +-- object-keys@1.0.11
170 silly idealTree +-- object.assign@4.0.4
170 silly idealTree +-- on-finished@2.3.0
170 silly idealTree +-- once@1.4.0
170 silly idealTree +-- optimist@0.6.1
170 silly idealTree +-- parseurl@1.3.1
170 silly idealTree +-- path-is-absolute@1.0.1
170 silly idealTree +-- path-to-regexp@0.1.7
170 silly idealTree +-- process-nextick-args@1.0.7
170 silly idealTree +-- promise@7.1.1
170 silly idealTree +-- proxy-addr@1.1.2
170 silly idealTree +-- qs@6.2.0
170 silly idealTree +-- range-parser@1.2.0
170 silly idealTree +-- raw-body@2.1.7
170 silly idealTree +-- readable-stream@2.1.5
170 silly idealTree +-- repeat-string@1.6.1
170 silly idealTree +-- require_optional@1.0.0
170 silly idealTree +-- resolve-from@2.0.0
170 silly idealTree +-- right-align@0.1.3
170 silly idealTree +-- semver@5.3.0
170 silly idealTree +-- send@0.14.1
170 silly idealTree +-- serve-static@1.11.1
170 silly idealTree +-- setprototypeof@1.0.1
170 silly idealTree +-- source-map@0.4.4
170 silly idealTree +-- statuses@1.3.0
170 silly idealTree +-- string_decoder@0.10.31
170 silly idealTree +-- type-is@1.6.13
170 silly idealTree +-- uglify-js@2.7.4
170 silly idealTree | +-- async@0.2.10
170 silly idealTree | `-- source-map@0.5.6
170 silly idealTree +-- uglify-to-browserify@1.0.2
170 silly idealTree +-- unpipe@1.0.0
170 silly idealTree +-- util-deprecate@1.0.2
170 silly idealTree +-- utils-merge@1.0.0
170 silly idealTree +-- vary@1.1.0
170 silly idealTree +-- window-size@0.1.0
170 silly idealTree +-- wordwrap@0.0.3
170 silly idealTree +-- wrappy@1.0.2
170 silly idealTree `-- yargs@3.10.0
171 silly generateActionsToTake Starting
172 silly install generateActionsToTake
173 silly generateActionsToTake Finishing
174 silly diffTrees action count 9
175 silly diffTrees add bindings@1.2.1
176 silly diffTrees update handlebars@4.0.5
177 silly diffTrees add nan@2.3.5
178 silly diffTrees add bcrypt@0.8.7
179 silly diffTrees update body-parser@1.15.2
180 silly diffTrees update express@4.14.0
181 silly diffTrees update express-handlebars@3.0.0
182 silly diffTrees update mongodb@2.2.11
183 silly diffTrees update node-uuid@1.4.7
184 silly decomposeActions action count 72
185 silly decomposeActions fetch bindings@1.2.1
186 silly decomposeActions extract bindings@1.2.1
187 silly decomposeActions test bindings@1.2.1
188 silly decomposeActions preinstall bindings@1.2.1
189 silly decomposeActions build bindings@1.2.1
190 silly decomposeActions install bindings@1.2.1
191 silly decomposeActions postinstall bindings@1.2.1
192 silly decomposeActions finalize bindings@1.2.1
193 silly decomposeActions fetch handlebars@4.0.5
194 silly decomposeActions extract handlebars@4.0.5
195 silly decomposeActions test handlebars@4.0.5
196 silly decomposeActions preinstall handlebars@4.0.5
197 silly decomposeActions build handlebars@4.0.5
198 silly decomposeActions install handlebars@4.0.5
199 silly decomposeActions postinstall handlebars@4.0.5
200 silly decomposeActions finalize handlebars@4.0.5
201 silly decomposeActions fetch nan@2.3.5
202 silly decomposeActions extract nan@2.3.5
203 silly decomposeActions test nan@2.3.5
204 silly decomposeActions preinstall nan@2.3.5
205 silly decomposeActions build nan@2.3.5
206 silly decomposeActions install nan@2.3.5
207 silly decomposeActions postinstall nan@2.3.5
208 silly decomposeActions finalize nan@2.3.5
209 silly decomposeActions fetch bcrypt@0.8.7
210 silly decomposeActions extract bcrypt@0.8.7
211 silly decomposeActions test bcrypt@0.8.7
212 silly decomposeActions preinstall bcrypt@0.8.7
213 silly decomposeActions build bcrypt@0.8.7
214 silly decomposeActions install bcrypt@0.8.7
215 silly decomposeActions postinstall bcrypt@0.8.7
216 silly decomposeActions finalize bcrypt@0.8.7
217 silly decomposeActions fetch body-parser@1.15.2
218 silly decomposeActions extract body-parser@1.15.2
219 silly decomposeActions test body-parser@1.15.2
220 silly decomposeActions preinstall body-parser@1.15.2
221 silly decomposeActions build body-parser@1.15.2
222 silly decomposeActions install body-parser@1.15.2
223 silly decomposeActions postinstall body-parser@1.15.2
224 silly decomposeActions finalize body-parser@1.15.2
225 silly decomposeActions fetch express@4.14.0
226 silly decomposeActions extract express@4.14.0
227 silly decomposeActions test express@4.14.0
228 silly decomposeActions preinstall express@4.14.0
229 silly decomposeActions build express@4.14.0
230 silly decomposeActions install express@4.14.0
231 silly decomposeActions postinstall express@4.14.0
232 silly decomposeActions finalize express@4.14.0
233 silly decomposeActions fetch express-handlebars@3.0.0
234 silly decomposeActions extract express-handlebars@3.0.0
235 silly decomposeActions test express-handlebars@3.0.0
236 silly decomposeActions preinstall express-handlebars@3.0.0
237 silly decomposeActions build express-handlebars@3.0.0
238 silly decomposeActions install express-handlebars@3.0.0
239 silly decomposeActions postinstall express-handlebars@3.0.0
240 silly decomposeActions finalize express-handlebars@3.0.0
241 silly decomposeActions fetch mongodb@2.2.11
242 silly decomposeActions extract mongodb@2.2.11
243 silly decomposeActions test mongodb@2.2.11
244 silly decomposeActions preinstall mongodb@2.2.11
245 silly decomposeActions build mongodb@2.2.11
246 silly decomposeActions install mongodb@2.2.11
247 silly decomposeActions postinstall mongodb@2.2.11
248 silly decomposeActions finalize mongodb@2.2.11
249 silly decomposeActions fetch node-uuid@1.4.7
250 silly decomposeActions extract node-uuid@1.4.7
251 silly decomposeActions test node-uuid@1.4.7
252 silly decomposeActions preinstall node-uuid@1.4.7
253 silly decomposeActions build node-uuid@1.4.7
254 silly decomposeActions install node-uuid@1.4.7
255 silly decomposeActions postinstall node-uuid@1.4.7
256 silly decomposeActions finalize node-uuid@1.4.7
257 silly executeActions Starting
258 silly install executeActions
259 silly doSerial global-install 0
260 silly doParallel fetch 9
261 verbose correctMkdir C:\Users\ajays\AppData\Roaming\npm-cache\_locks correctMkdir not in flight; initializing
262 verbose lock using C:\Users\ajays\AppData\Roaming\npm-cache\_locks\staging-8e89243a2f05ebc0.lock for C:\Users\ajays\Desktop\Kanban_CS546\node_modules\.staging
263 silly doParallel extract 9
264 silly extract bindings@1.2.1
265 silly extract handlebars@4.0.5
266 silly extract nan@2.3.5
267 silly extract bcrypt@0.8.7
268 silly extract body-parser@1.15.2
269 silly extract express@4.14.0
270 silly extract express-handlebars@3.0.0
271 silly extract mongodb@2.2.11
272 silly extract node-uuid@1.4.7
273 verbose unbuild node_modules\.staging\bindings-adc3a9ed
274 verbose unbuild node_modules\.staging\bcrypt-3a14523f
275 verbose unbuild node_modules\.staging\nan-d2686940
276 verbose unbuild node_modules\.staging\body-parser-c508cf0f
277 verbose unbuild node_modules\.staging\express-handlebars-e9d309a7
278 verbose unbuild node_modules\.staging\handlebars-d76c779b
279 silly gentlyRm C:\Users\ajays\Desktop\Kanban_CS546\node_modules\.staging\bindings-adc3a9ed is being purged from base C:\Users\ajays\Desktop\Kanban_CS546
280 verbose gentlyRm don't care about contents; nuking C:\Users\ajays\Desktop\Kanban_CS546\node_modules\.staging\bindings-adc3a9ed
281 silly gentlyRm C:\Users\ajays\Desktop\Kanban_CS546\node_modules\.staging\bcrypt-3a14523f is being purged from base C:\Users\ajays\Desktop\Kanban_CS546
282 verbose gentlyRm don't care about contents; nuking C:\Users\ajays\Desktop\Kanban_CS546\node_modules\.staging\bcrypt-3a14523f
283 silly gentlyRm C:\Users\ajays\Desktop\Kanban_CS546\node_modules\.staging\body-parser-c508cf0f is being purged from base C:\Users\ajays\Desktop\Kanban_CS546
284 verbose gentlyRm don't care about contents; nuking C:\Users\ajays\Desktop\Kanban_CS546\node_modules\.staging\body-parser-c508cf0f
285 silly gentlyRm C:\Users\ajays\Desktop\Kanban_CS546\node_modules\.staging\nan-d2686940 is being purged from base C:\Users\ajays\Desktop\Kanban_CS546
286 verbose gentlyRm don't care about contents; nuking C:\Users\ajays\Desktop\Kanban_CS546\node_modules\.staging\nan-d2686940
287 silly gentlyRm C:\Users\ajays\Desktop\Kanban_CS546\node_modules\.staging\express-handlebars-e9d309a7 is being purged from base C:\Users\ajays\Desktop\Kanban_CS546
288 verbose gentlyRm don't care about contents; nuking C:\Users\ajays\Desktop\Kanban_CS546\node_modules\.staging\express-handlebars-e9d309a7
289 verbose tar unpack C:\Users\ajays\AppData\Roaming\npm-cache\bindings\1.2.1\package.tgz
290 verbose tar unpacking to C:\Users\ajays\Desktop\Kanban_CS546\node_modules\.staging\bindings-adc3a9ed
291 silly gentlyRm C:\Users\ajays\Desktop\Kanban_CS546\node_modules\.staging\bindings-adc3a9ed is being purged
292 verbose gentlyRm don't care about contents; nuking C:\Users\ajays\Desktop\Kanban_CS546\node_modules\.staging\bindings-adc3a9ed
293 verbose tar unpack C:\Users\ajays\AppData\Roaming\npm-cache\bcrypt\0.8.7\package.tgz
294 verbose tar unpacking to C:\Users\ajays\Desktop\Kanban_CS546\node_modules\.staging\bcrypt-3a14523f
295 silly gentlyRm C:\Users\ajays\Desktop\Kanban_CS546\node_modules\.staging\bcrypt-3a14523f is being purged
296 verbose gentlyRm don't care about contents; nuking C:\Users\ajays\Desktop\Kanban_CS546\node_modules\.staging\bcrypt-3a14523f
297 verbose tar unpack C:\Users\ajays\AppData\Roaming\npm-cache\body-parser\1.15.2\package.tgz
298 verbose tar unpacking to C:\Users\ajays\Desktop\Kanban_CS546\node_modules\.staging\body-parser-c508cf0f
299 silly gentlyRm C:\Users\ajays\Desktop\Kanban_CS546\node_modules\.staging\body-parser-c508cf0f is being purged
300 verbose gentlyRm don't care about contents; nuking C:\Users\ajays\Desktop\Kanban_CS546\node_modules\.staging\body-parser-c508cf0f
301 verbose tar unpack C:\Users\ajays\AppData\Roaming\npm-cache\nan\2.3.5\package.tgz
302 verbose tar unpacking to C:\Users\ajays\Desktop\Kanban_CS546\node_modules\.staging\nan-d2686940
303 silly gentlyRm C:\Users\ajays\Desktop\Kanban_CS546\node_modules\.staging\nan-d2686940 is being purged
304 verbose gentlyRm don't care about contents; nuking C:\Users\ajays\Desktop\Kanban_CS546\node_modules\.staging\nan-d2686940
305 silly gentlyRm C:\Users\ajays\Desktop\Kanban_CS546\node_modules\.staging\handlebars-d76c779b is being purged from base C:\Users\ajays\Desktop\Kanban_CS546
306 verbose gentlyRm don't care about contents; nuking C:\Users\ajays\Desktop\Kanban_CS546\node_modules\.staging\handlebars-d76c779b
307 verbose tar unpack C:\Users\ajays\AppData\Roaming\npm-cache\express-handlebars\3.0.0\package.tgz
308 verbose tar unpacking to C:\Users\ajays\Desktop\Kanban_CS546\node_modules\.staging\express-handlebars-e9d309a7
309 silly gentlyRm C:\Users\ajays\Desktop\Kanban_CS546\node_modules\.staging\express-handlebars-e9d309a7 is being purged
310 verbose gentlyRm don't care about contents; nuking C:\Users\ajays\Desktop\Kanban_CS546\node_modules\.staging\express-handlebars-e9d309a7
311 silly gunzTarPerm modes [ '777', '666' ]
312 verbose unbuild node_modules\.staging\express-ddeb6762
313 silly gunzTarPerm modes [ '777', '666' ]
314 silly gunzTarPerm modes [ '777', '666' ]
315 silly gunzTarPerm modes [ '777', '666' ]
316 verbose tar unpack C:\Users\ajays\AppData\Roaming\npm-cache\handlebars\4.0.5\package.tgz
317 verbose tar unpacking to C:\Users\ajays\Desktop\Kanban_CS546\node_modules\.staging\handlebars-d76c779b
318 silly gentlyRm C:\Users\ajays\Desktop\Kanban_CS546\node_modules\.staging\handlebars-d76c779b is being purged
319 verbose gentlyRm don't care about contents; nuking C:\Users\ajays\Desktop\Kanban_CS546\node_modules\.staging\handlebars-d76c779b
320 silly gunzTarPerm modes [ '777', '666' ]
321 silly gunzTarPerm modes [ '777', '666' ]
322 silly gentlyRm C:\Users\ajays\Desktop\Kanban_CS546\node_modules\.staging\express-ddeb6762 is being purged from base C:\Users\ajays\Desktop\Kanban_CS546
323 verbose gentlyRm don't care about contents; nuking C:\Users\ajays\Desktop\Kanban_CS546\node_modules\.staging\express-ddeb6762
324 verbose unbuild node_modules\.staging\mongodb-8528ab43
325 verbose tar unpack C:\Users\ajays\AppData\Roaming\npm-cache\express\4.14.0\package.tgz
326 verbose tar unpacking to C:\Users\ajays\Desktop\Kanban_CS546\node_modules\.staging\express-ddeb6762
327 silly gentlyRm C:\Users\ajays\Desktop\Kanban_CS546\node_modules\.staging\express-ddeb6762 is being purged
328 verbose gentlyRm don't care about contents; nuking C:\Users\ajays\Desktop\Kanban_CS546\node_modules\.staging\express-ddeb6762
329 silly gunzTarPerm modes [ '777', '666' ]
330 silly gunzTarPerm extractEntry package.json
331 silly gunzTarPerm modified mode [ 'package.json', 420, 438 ]
332 silly gunzTarPerm extractEntry package.json
333 silly gunzTarPerm modified mode [ 'package.json', 420, 438 ]
334 verbose unbuild node_modules\.staging\node-uuid-9cacafb1
335 silly gentlyRm C:\Users\ajays\Desktop\Kanban_CS546\node_modules\.staging\mongodb-8528ab43 is being purged from base C:\Users\ajays\Desktop\Kanban_CS546
336 verbose gentlyRm don't care about contents; nuking C:\Users\ajays\Desktop\Kanban_CS546\node_modules\.staging\mongodb-8528ab43
337 silly gunzTarPerm extractEntry package.json
338 silly gunzTarPerm modified mode [ 'package.json', 436, 438 ]
339 verbose tar unpack C:\Users\ajays\AppData\Roaming\npm-cache\mongodb\2.2.11\package.tgz
340 verbose tar unpacking to C:\Users\ajays\Desktop\Kanban_CS546\node_modules\.staging\mongodb-8528ab43
341 silly gentlyRm C:\Users\ajays\Desktop\Kanban_CS546\node_modules\.staging\mongodb-8528ab43 is being purged
342 verbose gentlyRm don't care about contents; nuking C:\Users\ajays\Desktop\Kanban_CS546\node_modules\.staging\mongodb-8528ab43
343 silly gunzTarPerm modes [ '777', '666' ]
344 silly gentlyRm C:\Users\ajays\Desktop\Kanban_CS546\node_modules\.staging\node-uuid-9cacafb1 is being purged from base C:\Users\ajays\Desktop\Kanban_CS546
345 verbose gentlyRm don't care about contents; nuking C:\Users\ajays\Desktop\Kanban_CS546\node_modules\.staging\node-uuid-9cacafb1
346 silly gunzTarPerm extractEntry README.md
347 silly gunzTarPerm modified mode [ 'README.md', 420, 438 ]
348 silly gunzTarPerm extractEntry bindings.js
349 silly gunzTarPerm modified mode [ 'bindings.js', 420, 438 ]
350 silly gunzTarPerm extractEntry .npmignore
351 silly gunzTarPerm modified mode [ '.npmignore', 420, 438 ]
352 silly gunzTarPerm extractEntry README.md
353 silly gunzTarPerm modified mode [ 'README.md', 420, 438 ]
354 verbose tar unpack C:\Users\ajays\AppData\Roaming\npm-cache\node-uuid\1.4.7\package.tgz
355 verbose tar unpacking to C:\Users\ajays\Desktop\Kanban_CS546\node_modules\.staging\node-uuid-9cacafb1
356 silly gentlyRm C:\Users\ajays\Desktop\Kanban_CS546\node_modules\.staging\node-uuid-9cacafb1 is being purged
357 verbose gentlyRm don't care about contents; nuking C:\Users\ajays\Desktop\Kanban_CS546\node_modules\.staging\node-uuid-9cacafb1
358 silly gunzTarPerm extractEntry package.json
359 silly gunzTarPerm extractEntry README.md
360 silly gunzTarPerm modified mode [ 'README.md', 436, 438 ]
361 silly gunzTarPerm modes [ '777', '666' ]
362 silly gunzTarPerm extractEntry include_dirs.js
363 silly gunzTarPerm modified mode [ 'include_dirs.js', 436, 438 ]
364 silly gunzTarPerm extractEntry README.md
365 silly gunzTarPerm extractEntry LICENSE
366 silly gunzTarPerm extractEntry index.js
367 silly gunzTarPerm extractEntry HISTORY.md
368 silly gunzTarPerm extractEntry lib/read.js
369 silly gunzTarPerm extractEntry lib/types/json.js
370 silly gunzTarPerm extractEntry lib/types/raw.js
371 silly gunzTarPerm extractEntry lib/types/text.js
372 silly gunzTarPerm extractEntry lib/types/urlencoded.js
373 silly gunzTarPerm extractEntry package.json
374 silly gunzTarPerm modified mode [ 'package.json', 420, 438 ]
375 silly gunzTarPerm extractEntry package.json
376 silly gunzTarPerm extractEntry LICENSE
377 silly gunzTarPerm modified mode [ 'LICENSE', 420, 438 ]
378 silly gunzTarPerm extractEntry bcrypt.js
379 silly gunzTarPerm modified mode [ 'bcrypt.js', 420, 438 ]
380 silly gunzTarPerm extractEntry Makefile
381 silly gunzTarPerm modified mode [ 'Makefile', 420, 438 ]
382 silly gunzTarPerm extractEntry .travis.yml
383 silly gunzTarPerm modified mode [ '.travis.yml', 420, 438 ]
384 silly gunzTarPerm extractEntry CHANGELOG.md
385 silly gunzTarPerm modified mode [ 'CHANGELOG.md', 420, 438 ]
386 silly gunzTarPerm extractEntry binding.gyp
387 silly gunzTarPerm modified mode [ 'binding.gyp', 420, 438 ]
388 silly gunzTarPerm extractEntry examples/async_compare.js
389 silly gunzTarPerm modified mode [ 'examples/async_compare.js', 420, 438 ]
390 silly gunzTarPerm extractEntry examples/forever_gen_salt.js
391 silly gunzTarPerm modified mode [ 'examples/forever_gen_salt.js', 420, 438 ]
392 silly gunzTarPerm extractEntry test/async.js
393 silly gunzTarPerm modified mode [ 'test/async.js', 420, 438 ]
394 silly gunzTarPerm extractEntry test/repetitions.js
395 silly gunzTarPerm modified mode [ 'test/repetitions.js', 420, 438 ]
396 silly gunzTarPerm extractEntry test/sync.js
397 silly gunzTarPerm modified mode [ 'test/sync.js', 420, 438 ]
398 silly gunzTarPerm extractEntry ISSUE_TEMPLATE.md
399 silly gunzTarPerm modified mode [ 'ISSUE_TEMPLATE.md', 420, 438 ]
400 silly gunzTarPerm extractEntry src/bcrypt.cc
401 silly gunzTarPerm modified mode [ 'src/bcrypt.cc', 420, 438 ]
402 silly gunzTarPerm extractEntry src/bcrypt_node.cc
403 silly gunzTarPerm modified mode [ 'src/bcrypt_node.cc', 420, 438 ]
404 silly gunzTarPerm extractEntry src/blowfish.cc
405 silly gunzTarPerm modified mode [ 'src/blowfish.cc', 420, 438 ]
406 silly gunzTarPerm extractEntry src/node_blf.h
407 silly gunzTarPerm modified mode [ 'src/node_blf.h', 420, 438 ]
408 silly gunzTarPerm extractEntry werker.yml
409 silly gunzTarPerm modified mode [ 'werker.yml', 420, 438 ]
410 silly gunzTarPerm extractEntry .npmignore
411 silly gunzTarPerm modified mode [ '.npmignore', 420, 438 ]
412 silly gunzTarPerm extractEntry README.md
413 silly gunzTarPerm modified mode [ 'README.md', 420, 438 ]
414 silly gunzTarPerm extractEntry nan_converters.h
415 silly gunzTarPerm modified mode [ 'nan_converters.h', 436, 438 ]
416 silly gunzTarPerm extractEntry LICENSE.md
417 silly gunzTarPerm modified mode [ 'LICENSE.md', 436, 438 ]
418 silly gunzTarPerm extractEntry doc/node_misc.md
419 silly gunzTarPerm modified mode [ 'doc/node_misc.md', 436, 438 ]
420 silly gunzTarPerm extractEntry package.json
421 silly gunzTarPerm modified mode [ 'package.json', 420, 438 ]
422 silly gunzTarPerm extractEntry LICENSE
423 silly gunzTarPerm extractEntry index.js
424 silly gunzTarPerm extractEntry doc/asyncworker.md
425 silly gunzTarPerm modified mode [ 'doc/asyncworker.md', 436, 438 ]
426 silly gunzTarPerm extractEntry package.json
427 silly gunzTarPerm modified mode [ 'package.json', 420, 438 ]
428 silly gunzTarPerm extractEntry .npmignore
429 silly gunzTarPerm modified mode [ '.npmignore', 420, 438 ]
430 silly gunzTarPerm extractEntry README.md
431 silly gunzTarPerm modified mode [ 'README.md', 420, 438 ]
432 silly gunzTarPerm extractEntry package.json
433 silly gunzTarPerm modified mode [ 'package.json', 420, 438 ]
434 silly gunzTarPerm extractEntry LICENSE
435 silly gunzTarPerm modified mode [ 'LICENSE', 420, 438 ]
436 silly gunzTarPerm extractEntry .npmignore
437 silly gunzTarPerm modified mode [ '.npmignore', 420, 438 ]
438 silly gunzTarPerm extractEntry LICENSE
439 silly gunzTarPerm modified mode [ 'LICENSE', 420, 438 ]
440 silly gunzTarPerm extractEntry README.md
441 silly gunzTarPerm modified mode [ 'README.md', 420, 438 ]
442 silly gunzTarPerm extractEntry LICENSE
443 silly gunzTarPerm modified mode [ 'LICENSE', 420, 438 ]
444 silly gunzTarPerm extractEntry doc/callback.md
445 silly gunzTarPerm modified mode [ 'doc/callback.md', 436, 438 ]
446 silly gunzTarPerm extractEntry doc/converters.md
447 silly gunzTarPerm modified mode [ 'doc/converters.md', 436, 438 ]
448 silly gunzTarPerm extractEntry History.md
449 silly gunzTarPerm extractEntry Readme.md
450 silly gunzTarPerm extractEntry lib/application.js
451 silly gunzTarPerm extractEntry lib/express.js
452 silly gunzTarPerm extractEntry lib/request.js
453 silly gunzTarPerm extractEntry lib/response.js
454 silly gunzTarPerm extractEntry lib/utils.js
455 silly gunzTarPerm extractEntry lib/view.js
456 silly gunzTarPerm extractEntry lib/middleware/init.js
457 silly gunzTarPerm extractEntry lib/middleware/query.js
458 silly gunzTarPerm extractEntry lib/router/index.js
459 silly gunzTarPerm extractEntry lib/router/layer.js
460 silly gunzTarPerm extractEntry lib/router/route.js
461 silly gunzTarPerm extractEntry uuid.js
462 silly gunzTarPerm modified mode [ 'uuid.js', 420, 438 ]
463 silly gunzTarPerm extractEntry LICENSE.md
464 silly gunzTarPerm modified mode [ 'LICENSE.md', 420, 438 ]
465 silly gunzTarPerm extractEntry benchmark/README.md
466 silly gunzTarPerm modified mode [ 'benchmark/README.md', 420, 438 ]
467 silly gunzTarPerm extractEntry benchmark/benchmark.js
468 silly gunzTarPerm modified mode [ 'benchmark/benchmark.js', 420, 438 ]
469 silly gunzTarPerm extractEntry benchmark/bench.gnu
470 silly gunzTarPerm modified mode [ 'benchmark/bench.gnu', 420, 438 ]
471 silly gunzTarPerm extractEntry benchmark/bench.sh
472 silly gunzTarPerm modified mode [ 'benchmark/bench.sh', 493, 511 ]
473 silly gunzTarPerm extractEntry benchmark/benchmark-native.c
474 silly gunzTarPerm modified mode [ 'benchmark/benchmark-native.c', 420, 438 ]
475 silly gunzTarPerm extractEntry bin/uuid
476 silly gunzTarPerm modified mode [ 'bin/uuid', 493, 511 ]
477 silly gunzTarPerm extractEntry bower.json
478 silly gunzTarPerm modified mode [ 'bower.json', 420, 438 ]
479 silly gunzTarPerm extractEntry component.json
480 silly gunzTarPerm modified mode [ 'component.json', 420, 438 ]
481 silly gunzTarPerm extractEntry test/compare_v1.js
482 silly gunzTarPerm modified mode [ 'test/compare_v1.js', 420, 438 ]
483 silly gunzTarPerm extractEntry test/test.js
484 silly gunzTarPerm modified mode [ 'test/test.js', 420, 438 ]
485 silly gunzTarPerm extractEntry test/test.html
486 silly gunzTarPerm modified mode [ 'test/test.html', 420, 438 ]
487 silly gunzTarPerm extractEntry index.js
488 silly gunzTarPerm modified mode [ 'index.js', 420, 438 ]
489 silly gunzTarPerm extractEntry HISTORY.md
490 silly gunzTarPerm modified mode [ 'HISTORY.md', 420, 438 ]
491 silly gunzTarPerm extractEntry .idea/.name
492 silly gunzTarPerm modified mode [ '.idea/.name', 420, 438 ]
493 silly gunzTarPerm extractEntry runtime.js
494 silly gunzTarPerm modified mode [ 'runtime.js', 420, 438 ]
495 silly gunzTarPerm extractEntry CONTRIBUTING.md
496 silly gunzTarPerm modified mode [ 'CONTRIBUTING.md', 420, 438 ]
497 silly gunzTarPerm extractEntry insert_bench.js
498 silly gunzTarPerm modified mode [ 'insert_bench.js', 420, 438 ]
499 silly gunzTarPerm extractEntry boot_auth.js
500 silly gunzTarPerm modified mode [ 'boot_auth.js', 420, 438 ]
501 silly gunzTarPerm extractEntry doc/errors.md
502 silly gunzTarPerm modified mode [ 'doc/errors.md', 436, 438 ]
503 silly gunzTarPerm extractEntry doc/maybe_types.md
504 silly gunzTarPerm modified mode [ 'doc/maybe_types.md', 436, 438 ]
505 silly gunzTarPerm extractEntry .idea/encodings.xml
506 silly gunzTarPerm modified mode [ '.idea/encodings.xml', 420, 438 ]
507 silly gunzTarPerm extractEntry FAQ.md
508 silly gunzTarPerm modified mode [ 'FAQ.md', 420, 438 ]
509 silly gunzTarPerm extractEntry .gitmodules
510 silly gunzTarPerm modified mode [ '.gitmodules', 420, 438 ]
511 silly gunzTarPerm extractEntry index.js
512 silly gunzTarPerm modified mode [ 'index.js', 420, 438 ]
513 silly gunzTarPerm extractEntry Makefile
514 silly gunzTarPerm modified mode [ 'Makefile', 420, 438 ]
515 silly gunzTarPerm extractEntry doc/methods.md
516 silly gunzTarPerm modified mode [ 'doc/methods.md', 436, 438 ]
517 silly gunzTarPerm extractEntry doc/new.md
518 silly gunzTarPerm modified mode [ 'doc/new.md', 436, 438 ]
519 silly gunzTarPerm extractEntry .idea/express-handlebars.iml
520 silly gunzTarPerm modified mode [ '.idea/express-handlebars.iml', 420, 438 ]
521 silly gunzTarPerm extractEntry .idea/jsLibraryMappings.xml
522 silly gunzTarPerm modified mode [ '.idea/jsLibraryMappings.xml', 420, 438 ]
523 silly gunzTarPerm extractEntry .istanbul.yml
524 silly gunzTarPerm modified mode [ '.istanbul.yml', 420, 438 ]
525 silly gunzTarPerm extractEntry doc/buffers.md
526 silly gunzTarPerm modified mode [ 'doc/buffers.md', 436, 438 ]
527 silly gunzTarPerm extractEntry doc/object_wrappers.md
528 silly gunzTarPerm modified mode [ 'doc/object_wrappers.md', 436, 438 ]
529 silly gentlyRm C:\Users\ajays\Desktop\Kanban_CS546\node_modules\.staging\bindings-adc3a9ed\node_modules is being purged
530 verbose gentlyRm don't care about contents; nuking C:\Users\ajays\Desktop\Kanban_CS546\node_modules\.staging\bindings-adc3a9ed\node_modules
531 silly gunzTarPerm extractEntry .idea/libraries/express_handlebars_node_modules.xml
532 silly gunzTarPerm modified mode [ '.idea/libraries/express_handlebars_node_modules.xml',
532 silly gunzTarPerm   420,
532 silly gunzTarPerm   438 ]
533 silly gunzTarPerm extractEntry .idea/misc.xml
534 silly gunzTarPerm modified mode [ '.idea/misc.xml', 420, 438 ]
535 silly gunzTarPerm extractEntry conf.json
536 silly gunzTarPerm modified mode [ 'conf.json', 420, 438 ]
537 silly gunzTarPerm extractEntry HISTORY.md
538 silly gunzTarPerm modified mode [ 'HISTORY.md', 420, 438 ]
539 silly gunzTarPerm extractEntry README.markdown
540 silly gunzTarPerm modified mode [ 'README.markdown', 420, 438 ]
541 silly gunzTarPerm extractEntry bin/handlebars
542 silly gunzTarPerm modified mode [ 'bin/handlebars', 493, 511 ]
543 silly gunzTarPerm extractEntry .idea/modules.xml
544 silly gunzTarPerm modified mode [ '.idea/modules.xml', 420, 438 ]
545 silly gunzTarPerm extractEntry .idea/vcs.xml
546 silly gunzTarPerm modified mode [ '.idea/vcs.xml', 420, 438 ]
547 silly gunzTarPerm extractEntry doc/persistent.md
548 silly gunzTarPerm modified mode [ 'doc/persistent.md', 436, 438 ]
549 silly gunzTarPerm extractEntry doc/scopes.md
550 silly gunzTarPerm modified mode [ 'doc/scopes.md', 436, 438 ]
551 silly gunzTarPerm extractEntry lib/admin.js
552 silly gunzTarPerm modified mode [ 'lib/admin.js', 420, 438 ]
553 silly gunzTarPerm extractEntry lib/command_cursor.js
554 silly gunzTarPerm modified mode [ 'lib/command_cursor.js', 420, 438 ]
555 silly gunzTarPerm extractEntry dist/handlebars.runtime.min.js
556 silly gunzTarPerm modified mode [ 'dist/handlebars.runtime.min.js', 420, 438 ]
557 silly gunzTarPerm extractEntry dist/handlebars.runtime.js
558 silly gunzTarPerm modified mode [ 'dist/handlebars.runtime.js', 420, 438 ]
559 silly gunzTarPerm extractEntry .idea/workspace.xml
560 silly gunzTarPerm modified mode [ '.idea/workspace.xml', 420, 438 ]
561 silly gunzTarPerm extractEntry lib/express-handlebars.js
562 silly gunzTarPerm modified mode [ 'lib/express-handlebars.js', 420, 438 ]
563 silly gunzTarPerm extractEntry lib/cursor.js
564 silly gunzTarPerm modified mode [ 'lib/cursor.js', 420, 438 ]
565 silly gunzTarPerm extractEntry lib/db.js
566 silly gunzTarPerm modified mode [ 'lib/db.js', 420, 438 ]
567 silly gunzTarPerm extractEntry doc/script.md
568 silly gunzTarPerm modified mode [ 'doc/script.md', 436, 438 ]
569 silly gunzTarPerm extractEntry doc/string_bytes.md
570 silly gunzTarPerm modified mode [ 'doc/string_bytes.md', 436, 438 ]
571 silly gunzTarPerm extractEntry dist/handlebars.runtime.amd.min.js
572 silly gunzTarPerm modified mode [ 'dist/handlebars.runtime.amd.min.js', 420, 438 ]
573 silly gunzTarPerm extractEntry dist/handlebars.amd.js
574 silly gunzTarPerm modified mode [ 'dist/handlebars.amd.js', 420, 438 ]
575 silly gunzTarPerm extractEntry lib/utils.js
576 silly gunzTarPerm modified mode [ 'lib/utils.js', 420, 438 ]
577 silly gunzTarPerm extractEntry lib/collection.js
578 silly gunzTarPerm modified mode [ 'lib/collection.js', 420, 438 ]
579 silly gunzTarPerm extractEntry lib/aggregation_cursor.js
580 silly gunzTarPerm modified mode [ 'lib/aggregation_cursor.js', 420, 438 ]
581 silly gunzTarPerm extractEntry doc/v8_internals.md
582 silly gunzTarPerm modified mode [ 'doc/v8_internals.md', 436, 438 ]
583 silly gunzTarPerm extractEntry doc/v8_misc.md
584 silly gunzTarPerm modified mode [ 'doc/v8_misc.md', 436, 438 ]
585 silly gunzTarPerm extractEntry lib/metadata.js
586 silly gunzTarPerm modified mode [ 'lib/metadata.js', 420, 438 ]
587 silly gunzTarPerm extractEntry lib/mongo_client.js
588 silly gunzTarPerm modified mode [ 'lib/mongo_client.js', 420, 438 ]
589 silly gunzTarPerm extractEntry nan.h
590 silly gunzTarPerm modified mode [ 'nan.h', 436, 438 ]
591 silly gunzTarPerm extractEntry nan_callbacks.h
592 silly gunzTarPerm modified mode [ 'nan_callbacks.h', 436, 438 ]
593 silly gunzTarPerm extractEntry nan_callbacks_12_inl.h
594 silly gunzTarPerm modified mode [ 'nan_callbacks_12_inl.h', 436, 438 ]
595 silly gunzTarPerm extractEntry nan_callbacks_pre_12_inl.h
596 silly gunzTarPerm modified mode [ 'nan_callbacks_pre_12_inl.h', 436, 438 ]
597 silly gunzTarPerm extractEntry nan_converters_43_inl.h
598 silly gunzTarPerm modified mode [ 'nan_converters_43_inl.h', 436, 438 ]
599 silly gunzTarPerm extractEntry nan_converters_pre_43_inl.h
600 silly gunzTarPerm modified mode [ 'nan_converters_pre_43_inl.h', 436, 438 ]
601 silly gunzTarPerm extractEntry nan_implementation_12_inl.h
602 silly gunzTarPerm modified mode [ 'nan_implementation_12_inl.h', 436, 438 ]
603 silly gunzTarPerm extractEntry nan_implementation_pre_12_inl.h
604 silly gunzTarPerm modified mode [ 'nan_implementation_pre_12_inl.h', 436, 438 ]
605 silly gunzTarPerm extractEntry nan_maybe_43_inl.h
606 silly gunzTarPerm modified mode [ 'nan_maybe_43_inl.h', 436, 438 ]
607 silly gunzTarPerm extractEntry nan_maybe_pre_43_inl.h
608 silly gunzTarPerm modified mode [ 'nan_maybe_pre_43_inl.h', 436, 438 ]
609 silly gunzTarPerm extractEntry nan_new.h
610 silly gunzTarPerm modified mode [ 'nan_new.h', 436, 438 ]
611 silly gunzTarPerm extractEntry nan_object_wrap.h
612 silly gunzTarPerm modified mode [ 'nan_object_wrap.h', 436, 438 ]
613 silly gunzTarPerm extractEntry nan_persistent_12_inl.h
614 silly gunzTarPerm modified mode [ 'nan_persistent_12_inl.h', 436, 438 ]
615 silly gunzTarPerm extractEntry nan_persistent_pre_12_inl.h
616 silly gunzTarPerm modified mode [ 'nan_persistent_pre_12_inl.h', 436, 438 ]
617 silly gunzTarPerm extractEntry nan_string_bytes.h
618 silly gunzTarPerm modified mode [ 'nan_string_bytes.h', 436, 438 ]
619 silly gunzTarPerm extractEntry nan_typedarray_contents.h
620 silly gunzTarPerm modified mode [ 'nan_typedarray_contents.h', 436, 438 ]
621 silly gunzTarPerm extractEntry nan_weak.h
622 silly gunzTarPerm modified mode [ 'nan_weak.h', 436, 438 ]
623 silly gunzTarPerm extractEntry CHANGELOG.md
624 silly gunzTarPerm modified mode [ 'CHANGELOG.md', 436, 438 ]
625 silly gunzTarPerm extractEntry tools/package.json
626 silly gunzTarPerm modified mode [ 'tools/package.json', 436, 438 ]
627 silly gunzTarPerm extractEntry tools/README.md
628 silly gunzTarPerm modified mode [ 'tools/README.md', 436, 438 ]
629 silly gunzTarPerm extractEntry tools/1to2.js
630 silly gunzTarPerm modified mode [ 'tools/1to2.js', 509, 511 ]
631 silly gunzTarPerm extractEntry dist/handlebars.amd.min.js
632 silly gunzTarPerm modified mode [ 'dist/handlebars.amd.min.js', 420, 438 ]
633 silly gunzTarPerm extractEntry lib/mongos.js
634 silly gunzTarPerm modified mode [ 'lib/mongos.js', 420, 438 ]
635 silly gunzTarPerm extractEntry lib/read_preference.js
636 silly gunzTarPerm modified mode [ 'lib/read_preference.js', 420, 438 ]
637 silly gunzTarPerm extractEntry lib/url_parser.js
638 silly gunzTarPerm modified mode [ 'lib/url_parser.js', 420, 438 ]
639 silly gunzTarPerm extractEntry dist/handlebars.runtime.amd.js
640 silly gunzTarPerm modified mode [ 'dist/handlebars.runtime.amd.js', 420, 438 ]
641 silly gunzTarPerm extractEntry lib/replset.js
642 silly gunzTarPerm modified mode [ 'lib/replset.js', 420, 438 ]
643 silly gunzTarPerm extractEntry lib/apm.js
644 silly gunzTarPerm modified mode [ 'lib/apm.js', 420, 438 ]
645 silly gunzTarPerm extractEntry lib/server.js
646 silly gunzTarPerm modified mode [ 'lib/server.js', 420, 438 ]
647 silly gunzTarPerm extractEntry dist/handlebars.min.js
648 silly gunzTarPerm modified mode [ 'dist/handlebars.min.js', 420, 438 ]
649 silly gunzTarPerm extractEntry lib/topology_base.js
650 silly gunzTarPerm modified mode [ 'lib/topology_base.js', 420, 438 ]
651 silly gunzTarPerm extractEntry lib/utils.js
652 silly gunzTarPerm modified mode [ 'lib/utils.js', 420, 438 ]
653 silly gunzTarPerm extractEntry dist/handlebars.js
654 silly gunzTarPerm modified mode [ 'dist/handlebars.js', 420, 438 ]
655 silly gunzTarPerm extractEntry lib/gridfs/chunk.js
656 silly gunzTarPerm modified mode [ 'lib/gridfs/chunk.js', 420, 438 ]
657 silly gunzTarPerm extractEntry lib/gridfs/grid_store.js
658 silly gunzTarPerm modified mode [ 'lib/gridfs/grid_store.js', 420, 438 ]
659 silly gunzTarPerm extractEntry lib/bulk/common.js
660 silly gunzTarPerm modified mode [ 'lib/bulk/common.js', 420, 438 ]
661 silly gentlyRm C:\Users\ajays\Desktop\Kanban_CS546\node_modules\.staging\body-parser-c508cf0f\node_modules is being purged
662 verbose gentlyRm don't care about contents; nuking C:\Users\ajays\Desktop\Kanban_CS546\node_modules\.staging\body-parser-c508cf0f\node_modules
663 silly gunzTarPerm extractEntry dist/cjs/handlebars.js
664 silly gunzTarPerm modified mode [ 'dist/cjs/handlebars.js', 420, 438 ]
665 silly gunzTarPerm extractEntry dist/cjs/handlebars.runtime.js
666 silly gunzTarPerm modified mode [ 'dist/cjs/handlebars.runtime.js', 420, 438 ]
667 silly gunzTarPerm extractEntry dist/cjs/precompiler.js
668 silly gunzTarPerm modified mode [ 'dist/cjs/precompiler.js', 420, 438 ]
669 silly gunzTarPerm extractEntry lib/bulk/ordered.js
670 silly gunzTarPerm modified mode [ 'lib/bulk/ordered.js', 420, 438 ]
671 silly gunzTarPerm extractEntry lib/bulk/unordered.js
672 silly gunzTarPerm modified mode [ 'lib/bulk/unordered.js', 420, 438 ]
673 silly gunzTarPerm extractEntry lib/gridfs-stream/download.js
674 silly gunzTarPerm modified mode [ 'lib/gridfs-stream/download.js', 420, 438 ]
675 silly gunzTarPerm extractEntry lib/gridfs-stream/index.js
676 silly gunzTarPerm modified mode [ 'lib/gridfs-stream/index.js', 420, 438 ]
677 silly gunzTarPerm extractEntry lib/gridfs-stream/upload.js
678 silly gunzTarPerm modified mode [ 'lib/gridfs-stream/upload.js', 420, 438 ]
679 silly gunzTarPerm extractEntry .coveralls.yml
680 silly gunzTarPerm modified mode [ '.coveralls.yml', 420, 438 ]
681 silly gunzTarPerm extractEntry dist/cjs/handlebars/base.js
682 silly gunzTarPerm modified mode [ 'dist/cjs/handlebars/base.js', 420, 438 ]
683 silly gunzTarPerm extractEntry dist/cjs/handlebars/safe-string.js
684 silly gunzTarPerm modified mode [ 'dist/cjs/handlebars/safe-string.js', 420, 438 ]
685 silly gunzTarPerm extractEntry dist/cjs/handlebars/decorators.js
686 silly gunzTarPerm modified mode [ 'dist/cjs/handlebars/decorators.js', 420, 438 ]
687 silly gunzTarPerm extractEntry dist/cjs/handlebars/exception.js
688 silly gunzTarPerm modified mode [ 'dist/cjs/handlebars/exception.js', 420, 438 ]
689 silly gunzTarPerm extractEntry dist/cjs/handlebars/runtime.js
690 silly gunzTarPerm modified mode [ 'dist/cjs/handlebars/runtime.js', 420, 438 ]
691 silly gunzTarPerm extractEntry dist/cjs/handlebars/no-conflict.js
692 silly gunzTarPerm modified mode [ 'dist/cjs/handlebars/no-conflict.js', 420, 438 ]
693 silly gunzTarPerm extractEntry dist/cjs/handlebars/logger.js
694 silly gunzTarPerm modified mode [ 'dist/cjs/handlebars/logger.js', 420, 438 ]
695 silly gunzTarPerm extractEntry dist/cjs/handlebars/utils.js
696 silly gunzTarPerm modified mode [ 'dist/cjs/handlebars/utils.js', 420, 438 ]
697 silly gunzTarPerm extractEntry dist/cjs/handlebars/helpers.js
698 silly gunzTarPerm modified mode [ 'dist/cjs/handlebars/helpers.js', 420, 438 ]
699 silly gunzTarPerm extractEntry dist/cjs/handlebars/compiler/ast.js
700 silly gunzTarPerm modified mode [ 'dist/cjs/handlebars/compiler/ast.js', 420, 438 ]
701 silly gunzTarPerm extractEntry dist/cjs/handlebars/compiler/base.js
702 silly gunzTarPerm modified mode [ 'dist/cjs/handlebars/compiler/base.js', 420, 438 ]
703 silly gunzTarPerm extractEntry dist/cjs/handlebars/compiler/code-gen.js
704 silly gunzTarPerm modified mode [ 'dist/cjs/handlebars/compiler/code-gen.js', 420, 438 ]
705 silly gunzTarPerm extractEntry dist/cjs/handlebars/compiler/compiler.js
706 silly gunzTarPerm modified mode [ 'dist/cjs/handlebars/compiler/compiler.js', 420, 438 ]
707 silly gunzTarPerm extractEntry dist/cjs/handlebars/compiler/helpers.js
708 silly gunzTarPerm modified mode [ 'dist/cjs/handlebars/compiler/helpers.js', 420, 438 ]
709 silly gunzTarPerm extractEntry dist/cjs/handlebars/compiler/javascript-compiler.js
710 silly gunzTarPerm modified mode [ 'dist/cjs/handlebars/compiler/javascript-compiler.js',
710 silly gunzTarPerm   420,
710 silly gunzTarPerm   438 ]
711 silly gunzTarPerm extractEntry dist/cjs/handlebars/compiler/parser.js
712 silly gunzTarPerm modified mode [ 'dist/cjs/handlebars/compiler/parser.js', 420, 438 ]
713 silly gentlyRm C:\Users\ajays\Desktop\Kanban_CS546\node_modules\.staging\express-handlebars-e9d309a7\node_modules is being purged
714 verbose gentlyRm don't care about contents; nuking C:\Users\ajays\Desktop\Kanban_CS546\node_modules\.staging\express-handlebars-e9d309a7\node_modules
715 silly gunzTarPerm extractEntry dist/cjs/handlebars/compiler/printer.js
716 silly gunzTarPerm modified mode [ 'dist/cjs/handlebars/compiler/printer.js', 420, 438 ]
717 silly gentlyRm C:\Users\ajays\Desktop\Kanban_CS546\node_modules\.staging\node-uuid-9cacafb1\node_modules is being purged
718 verbose gentlyRm don't care about contents; nuking C:\Users\ajays\Desktop\Kanban_CS546\node_modules\.staging\node-uuid-9cacafb1\node_modules
719 silly gunzTarPerm extractEntry dist/cjs/handlebars/compiler/visitor.js
720 silly gunzTarPerm modified mode [ 'dist/cjs/handlebars/compiler/visitor.js', 420, 438 ]
721 silly gunzTarPerm extractEntry dist/cjs/handlebars/compiler/whitespace-control.js
722 silly gunzTarPerm modified mode [ 'dist/cjs/handlebars/compiler/whitespace-control.js',
722 silly gunzTarPerm   420,
722 silly gunzTarPerm   438 ]
723 silly gunzTarPerm extractEntry dist/cjs/handlebars/helpers/block-helper-missing.js
724 silly gunzTarPerm modified mode [ 'dist/cjs/handlebars/helpers/block-helper-missing.js',
724 silly gunzTarPerm   420,
724 silly gunzTarPerm   438 ]
725 silly gentlyRm C:\Users\ajays\Desktop\Kanban_CS546\node_modules\.staging\express-ddeb6762\node_modules is being purged
726 verbose gentlyRm don't care about contents; nuking C:\Users\ajays\Desktop\Kanban_CS546\node_modules\.staging\express-ddeb6762\node_modules
727 silly gunzTarPerm extractEntry dist/cjs/handlebars/helpers/each.js
728 silly gunzTarPerm modified mode [ 'dist/cjs/handlebars/helpers/each.js', 420, 438 ]
729 silly gunzTarPerm extractEntry dist/cjs/handlebars/helpers/helper-missing.js
730 silly gunzTarPerm modified mode [ 'dist/cjs/handlebars/helpers/helper-missing.js', 420, 438 ]
731 silly gentlyRm C:\Users\ajays\Desktop\Kanban_CS546\node_modules\.staging\bcrypt-3a14523f\node_modules is being purged
732 verbose gentlyRm don't care about contents; nuking C:\Users\ajays\Desktop\Kanban_CS546\node_modules\.staging\bcrypt-3a14523f\node_modules
733 silly gunzTarPerm extractEntry dist/cjs/handlebars/helpers/if.js
734 silly gunzTarPerm modified mode [ 'dist/cjs/handlebars/helpers/if.js', 420, 438 ]
735 silly gunzTarPerm extractEntry dist/cjs/handlebars/helpers/log.js
736 silly gunzTarPerm modified mode [ 'dist/cjs/handlebars/helpers/log.js', 420, 438 ]
737 silly gunzTarPerm extractEntry dist/cjs/handlebars/helpers/lookup.js
738 silly gunzTarPerm modified mode [ 'dist/cjs/handlebars/helpers/lookup.js', 420, 438 ]
739 silly gunzTarPerm extractEntry dist/cjs/handlebars/helpers/with.js
740 silly gunzTarPerm modified mode [ 'dist/cjs/handlebars/helpers/with.js', 420, 438 ]
741 silly gunzTarPerm extractEntry dist/cjs/handlebars/decorators/inline.js
742 silly gunzTarPerm modified mode [ 'dist/cjs/handlebars/decorators/inline.js', 420, 438 ]
743 silly gunzTarPerm extractEntry dist/amd/handlebars.js
744 silly gunzTarPerm modified mode [ 'dist/amd/handlebars.js', 420, 438 ]
745 silly gunzTarPerm extractEntry dist/amd/handlebars.runtime.js
746 silly gunzTarPerm modified mode [ 'dist/amd/handlebars.runtime.js', 420, 438 ]
747 silly gunzTarPerm extractEntry dist/amd/precompiler.js
748 silly gunzTarPerm modified mode [ 'dist/amd/precompiler.js', 420, 438 ]
749 silly gunzTarPerm extractEntry dist/amd/handlebars/base.js
750 silly gunzTarPerm modified mode [ 'dist/amd/handlebars/base.js', 420, 438 ]
751 silly gunzTarPerm extractEntry dist/amd/handlebars/safe-string.js
752 silly gunzTarPerm modified mode [ 'dist/amd/handlebars/safe-string.js', 420, 438 ]
753 silly gunzTarPerm extractEntry dist/amd/handlebars/decorators.js
754 silly gunzTarPerm modified mode [ 'dist/amd/handlebars/decorators.js', 420, 438 ]
755 silly gunzTarPerm extractEntry dist/amd/handlebars/exception.js
756 silly gunzTarPerm modified mode [ 'dist/amd/handlebars/exception.js', 420, 438 ]
757 silly gunzTarPerm extractEntry dist/amd/handlebars/runtime.js
758 silly gunzTarPerm modified mode [ 'dist/amd/handlebars/runtime.js', 420, 438 ]
759 silly gunzTarPerm extractEntry dist/amd/handlebars/no-conflict.js
760 silly gunzTarPerm modified mode [ 'dist/amd/handlebars/no-conflict.js', 420, 438 ]
761 silly gunzTarPerm extractEntry dist/amd/handlebars/logger.js
762 silly gunzTarPerm modified mode [ 'dist/amd/handlebars/logger.js', 420, 438 ]
763 silly gunzTarPerm extractEntry dist/amd/handlebars/utils.js
764 silly gunzTarPerm modified mode [ 'dist/amd/handlebars/utils.js', 420, 438 ]
765 silly gunzTarPerm extractEntry dist/amd/handlebars/helpers.js
766 silly gunzTarPerm modified mode [ 'dist/amd/handlebars/helpers.js', 420, 438 ]
767 silly gunzTarPerm extractEntry dist/amd/handlebars/compiler/ast.js
768 silly gunzTarPerm modified mode [ 'dist/amd/handlebars/compiler/ast.js', 420, 438 ]
769 silly gunzTarPerm extractEntry dist/amd/handlebars/compiler/base.js
770 silly gunzTarPerm modified mode [ 'dist/amd/handlebars/compiler/base.js', 420, 438 ]
771 silly gunzTarPerm extractEntry dist/amd/handlebars/compiler/code-gen.js
772 silly gunzTarPerm modified mode [ 'dist/amd/handlebars/compiler/code-gen.js', 420, 438 ]
773 silly gunzTarPerm extractEntry dist/amd/handlebars/compiler/compiler.js
774 silly gunzTarPerm modified mode [ 'dist/amd/handlebars/compiler/compiler.js', 420, 438 ]
775 silly gunzTarPerm extractEntry dist/amd/handlebars/compiler/helpers.js
776 silly gunzTarPerm modified mode [ 'dist/amd/handlebars/compiler/helpers.js', 420, 438 ]
777 silly gunzTarPerm extractEntry dist/amd/handlebars/compiler/javascript-compiler.js
778 silly gunzTarPerm modified mode [ 'dist/amd/handlebars/compiler/javascript-compiler.js',
778 silly gunzTarPerm   420,
778 silly gunzTarPerm   438 ]
779 silly gunzTarPerm extractEntry dist/amd/handlebars/compiler/parser.js
780 silly gunzTarPerm modified mode [ 'dist/amd/handlebars/compiler/parser.js', 420, 438 ]
781 silly gunzTarPerm extractEntry dist/amd/handlebars/compiler/printer.js
782 silly gunzTarPerm modified mode [ 'dist/amd/handlebars/compiler/printer.js', 420, 438 ]
783 silly gunzTarPerm extractEntry dist/amd/handlebars/compiler/visitor.js
784 silly gunzTarPerm modified mode [ 'dist/amd/handlebars/compiler/visitor.js', 420, 438 ]
785 silly gunzTarPerm extractEntry dist/amd/handlebars/compiler/whitespace-control.js
786 silly gunzTarPerm modified mode [ 'dist/amd/handlebars/compiler/whitespace-control.js',
786 silly gunzTarPerm   420,
786 silly gunzTarPerm   438 ]
787 silly gunzTarPerm extractEntry dist/amd/handlebars/helpers/block-helper-missing.js
788 silly gunzTarPerm modified mode [ 'dist/amd/handlebars/helpers/block-helper-missing.js',
788 silly gunzTarPerm   420,
788 silly gunzTarPerm   438 ]
789 silly gunzTarPerm extractEntry dist/amd/handlebars/helpers/each.js
790 silly gunzTarPerm modified mode [ 'dist/amd/handlebars/helpers/each.js', 420, 438 ]
791 silly gunzTarPerm extractEntry dist/amd/handlebars/helpers/helper-missing.js
792 silly gunzTarPerm modified mode [ 'dist/amd/handlebars/helpers/helper-missing.js', 420, 438 ]
793 silly gunzTarPerm extractEntry dist/amd/handlebars/helpers/if.js
794 silly gunzTarPerm modified mode [ 'dist/amd/handlebars/helpers/if.js', 420, 438 ]
795 silly gunzTarPerm extractEntry dist/amd/handlebars/helpers/log.js
796 silly gunzTarPerm modified mode [ 'dist/amd/handlebars/helpers/log.js', 420, 438 ]
797 silly gunzTarPerm extractEntry dist/amd/handlebars/helpers/lookup.js
798 silly gunzTarPerm modified mode [ 'dist/amd/handlebars/helpers/lookup.js', 420, 438 ]
799 silly gunzTarPerm extractEntry dist/amd/handlebars/helpers/with.js
800 silly gunzTarPerm modified mode [ 'dist/amd/handlebars/helpers/with.js', 420, 438 ]
801 silly gunzTarPerm extractEntry dist/amd/handlebars/decorators/inline.js
802 silly gunzTarPerm modified mode [ 'dist/amd/handlebars/decorators/inline.js', 420, 438 ]
803 silly gunzTarPerm extractEntry docs/compiler-api.md
804 silly gunzTarPerm modified mode [ 'docs/compiler-api.md', 420, 438 ]
805 silly gunzTarPerm extractEntry docs/decorators-api.md
806 silly gunzTarPerm modified mode [ 'docs/decorators-api.md', 420, 438 ]
807 silly gunzTarPerm extractEntry lib/handlebars.js
808 silly gunzTarPerm modified mode [ 'lib/handlebars.js', 420, 438 ]
809 silly gunzTarPerm extractEntry lib/handlebars.runtime.js
810 silly gunzTarPerm modified mode [ 'lib/handlebars.runtime.js', 420, 438 ]
811 silly gunzTarPerm extractEntry lib/index.js
812 silly gunzTarPerm modified mode [ 'lib/index.js', 420, 438 ]
813 silly gunzTarPerm extractEntry lib/precompiler.js
814 silly gunzTarPerm modified mode [ 'lib/precompiler.js', 420, 438 ]
815 silly gunzTarPerm extractEntry lib/handlebars/base.js
816 silly gunzTarPerm modified mode [ 'lib/handlebars/base.js', 420, 438 ]
817 silly gunzTarPerm extractEntry lib/handlebars/safe-string.js
818 silly gunzTarPerm modified mode [ 'lib/handlebars/safe-string.js', 420, 438 ]
819 silly gunzTarPerm extractEntry lib/handlebars/decorators.js
820 silly gunzTarPerm modified mode [ 'lib/handlebars/decorators.js', 420, 438 ]
821 silly gunzTarPerm extractEntry lib/handlebars/exception.js
822 silly gunzTarPerm modified mode [ 'lib/handlebars/exception.js', 420, 438 ]
823 silly gunzTarPerm extractEntry lib/handlebars/runtime.js
824 silly gunzTarPerm modified mode [ 'lib/handlebars/runtime.js', 420, 438 ]
825 silly gunzTarPerm extractEntry lib/handlebars/no-conflict.js
826 silly gunzTarPerm modified mode [ 'lib/handlebars/no-conflict.js', 420, 438 ]
827 silly gunzTarPerm extractEntry lib/handlebars/logger.js
828 silly gunzTarPerm modified mode [ 'lib/handlebars/logger.js', 420, 438 ]
829 silly gunzTarPerm extractEntry lib/handlebars/utils.js
830 silly gunzTarPerm modified mode [ 'lib/handlebars/utils.js', 420, 438 ]
831 silly gunzTarPerm extractEntry lib/handlebars/helpers.js
832 silly gunzTarPerm modified mode [ 'lib/handlebars/helpers.js', 420, 438 ]
833 silly gunzTarPerm extractEntry lib/handlebars/compiler/ast.js
834 silly gunzTarPerm modified mode [ 'lib/handlebars/compiler/ast.js', 420, 438 ]
835 silly gunzTarPerm extractEntry lib/handlebars/compiler/base.js
836 silly gunzTarPerm modified mode [ 'lib/handlebars/compiler/base.js', 420, 438 ]
837 silly gunzTarPerm extractEntry lib/handlebars/compiler/code-gen.js
838 silly gunzTarPerm modified mode [ 'lib/handlebars/compiler/code-gen.js', 420, 438 ]
839 silly gunzTarPerm extractEntry lib/handlebars/compiler/compiler.js
840 silly gunzTarPerm modified mode [ 'lib/handlebars/compiler/compiler.js', 420, 438 ]
841 silly gunzTarPerm extractEntry lib/handlebars/compiler/helpers.js
842 silly gunzTarPerm modified mode [ 'lib/handlebars/compiler/helpers.js', 420, 438 ]
843 silly gunzTarPerm extractEntry lib/handlebars/compiler/javascript-compiler.js
844 silly gunzTarPerm modified mode [ 'lib/handlebars/compiler/javascript-compiler.js', 420, 438 ]
845 silly gunzTarPerm extractEntry lib/handlebars/compiler/parser.js
846 silly gunzTarPerm modified mode [ 'lib/handlebars/compiler/parser.js', 420, 438 ]
847 silly gunzTarPerm extractEntry lib/handlebars/compiler/printer.js
848 silly gunzTarPerm modified mode [ 'lib/handlebars/compiler/printer.js', 420, 438 ]
849 silly gunzTarPerm extractEntry lib/handlebars/compiler/visitor.js
850 silly gunzTarPerm modified mode [ 'lib/handlebars/compiler/visitor.js', 420, 438 ]
851 silly gunzTarPerm extractEntry lib/handlebars/compiler/whitespace-control.js
852 silly gunzTarPerm modified mode [ 'lib/handlebars/compiler/whitespace-control.js', 420, 438 ]
853 silly gunzTarPerm extractEntry lib/handlebars/helpers/block-helper-missing.js
854 silly gunzTarPerm modified mode [ 'lib/handlebars/helpers/block-helper-missing.js', 420, 438 ]
855 silly gunzTarPerm extractEntry lib/handlebars/helpers/each.js
856 silly gunzTarPerm modified mode [ 'lib/handlebars/helpers/each.js', 420, 438 ]
857 silly gunzTarPerm extractEntry lib/handlebars/helpers/helper-missing.js
858 silly gunzTarPerm modified mode [ 'lib/handlebars/helpers/helper-missing.js', 420, 438 ]
859 silly gunzTarPerm extractEntry lib/handlebars/helpers/if.js
860 silly gunzTarPerm modified mode [ 'lib/handlebars/helpers/if.js', 420, 438 ]
861 silly gunzTarPerm extractEntry lib/handlebars/helpers/log.js
862 silly gunzTarPerm modified mode [ 'lib/handlebars/helpers/log.js', 420, 438 ]
863 silly gunzTarPerm extractEntry lib/handlebars/helpers/lookup.js
864 silly gunzTarPerm modified mode [ 'lib/handlebars/helpers/lookup.js', 420, 438 ]
865 silly gunzTarPerm extractEntry lib/handlebars/helpers/with.js
866 silly gunzTarPerm modified mode [ 'lib/handlebars/helpers/with.js', 420, 438 ]
867 silly gentlyRm C:\Users\ajays\Desktop\Kanban_CS546\node_modules\.staging\mongodb-8528ab43\node_modules is being purged
868 verbose gentlyRm don't care about contents; nuking C:\Users\ajays\Desktop\Kanban_CS546\node_modules\.staging\mongodb-8528ab43\node_modules
869 silly gunzTarPerm extractEntry lib/handlebars/decorators/inline.js
870 silly gunzTarPerm modified mode [ 'lib/handlebars/decorators/inline.js', 420, 438 ]
871 silly gunzTarPerm extractEntry print-script
872 silly gunzTarPerm modified mode [ 'print-script', 493, 511 ]
873 silly gentlyRm C:\Users\ajays\Desktop\Kanban_CS546\node_modules\.staging\nan-d2686940\node_modules is being purged
874 verbose gentlyRm don't care about contents; nuking C:\Users\ajays\Desktop\Kanban_CS546\node_modules\.staging\nan-d2686940\node_modules
875 silly gunzTarPerm extractEntry release-notes.md
876 silly gunzTarPerm modified mode [ 'release-notes.md', 420, 438 ]
877 silly gentlyRm C:\Users\ajays\Desktop\Kanban_CS546\node_modules\.staging\handlebars-d76c779b\node_modules is being purged
878 verbose gentlyRm don't care about contents; nuking C:\Users\ajays\Desktop\Kanban_CS546\node_modules\.staging\handlebars-d76c779b\node_modules
879 silly doParallel preinstall 9
880 silly preinstall bindings@1.2.1 C:\Users\ajays\Desktop\Kanban_CS546\node_modules\.staging\bindings-adc3a9ed
881 info lifecycle bindings@1.2.1~preinstall: bindings@1.2.1
882 silly preinstall handlebars@4.0.5 C:\Users\ajays\Desktop\Kanban_CS546\node_modules\.staging\handlebars-d76c779b
883 info lifecycle handlebars@4.0.5~preinstall: handlebars@4.0.5
884 silly preinstall nan@2.3.5 C:\Users\ajays\Desktop\Kanban_CS546\node_modules\.staging\nan-d2686940
885 info lifecycle nan@2.3.5~preinstall: nan@2.3.5
886 silly preinstall bcrypt@0.8.7 C:\Users\ajays\Desktop\Kanban_CS546\node_modules\.staging\bcrypt-3a14523f
887 info lifecycle bcrypt@0.8.7~preinstall: bcrypt@0.8.7
888 silly preinstall body-parser@1.15.2 C:\Users\ajays\Desktop\Kanban_CS546\node_modules\.staging\body-parser-c508cf0f
889 info lifecycle body-parser@1.15.2~preinstall: body-parser@1.15.2
890 silly preinstall express@4.14.0 C:\Users\ajays\Desktop\Kanban_CS546\node_modules\.staging\express-ddeb6762
891 info lifecycle express@4.14.0~preinstall: express@4.14.0
892 silly preinstall express-handlebars@3.0.0 C:\Users\ajays\Desktop\Kanban_CS546\node_modules\.staging\express-handlebars-e9d309a7
893 info lifecycle express-handlebars@3.0.0~preinstall: express-handlebars@3.0.0
894 silly preinstall mongodb@2.2.11 C:\Users\ajays\Desktop\Kanban_CS546\node_modules\.staging\mongodb-8528ab43
895 info lifecycle mongodb@2.2.11~preinstall: mongodb@2.2.11
896 silly preinstall node-uuid@1.4.7 C:\Users\ajays\Desktop\Kanban_CS546\node_modules\.staging\node-uuid-9cacafb1
897 info lifecycle node-uuid@1.4.7~preinstall: node-uuid@1.4.7
898 silly lifecycle bindings@1.2.1~preinstall: no script for preinstall, continuing
899 silly lifecycle handlebars@4.0.5~preinstall: no script for preinstall, continuing
900 silly lifecycle nan@2.3.5~preinstall: no script for preinstall, continuing
901 silly lifecycle bcrypt@0.8.7~preinstall: no script for preinstall, continuing
902 silly lifecycle body-parser@1.15.2~preinstall: no script for preinstall, continuing
903 silly lifecycle express@4.14.0~preinstall: no script for preinstall, continuing
904 silly lifecycle express-handlebars@3.0.0~preinstall: no script for preinstall, continuing
905 silly lifecycle mongodb@2.2.11~preinstall: no script for preinstall, continuing
906 silly lifecycle node-uuid@1.4.7~preinstall: no script for preinstall, continuing
907 silly doReverseSerial remove 0
908 silly doSerial move 0
909 silly doSerial finalize 9
910 silly finalize C:\Users\ajays\Desktop\Kanban_CS546\node_modules\bindings
911 silly finalize C:\Users\ajays\Desktop\Kanban_CS546\node_modules\handlebars
912 silly finalize C:\Users\ajays\Desktop\Kanban_CS546\node_modules\nan
913 silly finalize C:\Users\ajays\Desktop\Kanban_CS546\node_modules\bcrypt
914 silly finalize C:\Users\ajays\Desktop\Kanban_CS546\node_modules\body-parser
915 silly finalize C:\Users\ajays\Desktop\Kanban_CS546\node_modules\express
916 silly finalize C:\Users\ajays\Desktop\Kanban_CS546\node_modules\express-handlebars
917 silly finalize C:\Users\ajays\Desktop\Kanban_CS546\node_modules\mongodb
918 silly finalize C:\Users\ajays\Desktop\Kanban_CS546\node_modules\node-uuid
919 silly doSerial build 9
920 silly build bindings@1.2.1
921 info linkStuff bindings@1.2.1
922 silly linkStuff bindings@1.2.1 has C:\Users\ajays\Desktop\Kanban_CS546\node_modules as its parent node_modules
923 verbose linkBins bindings@1.2.1
924 verbose linkMans bindings@1.2.1
925 silly build handlebars@4.0.5
926 info linkStuff handlebars@4.0.5
927 silly linkStuff handlebars@4.0.5 has C:\Users\ajays\Desktop\Kanban_CS546\node_modules as its parent node_modules
928 verbose linkBins handlebars@4.0.5
929 verbose link bins [ { handlebars: 'bin/handlebars' },
929 verbose link bins   'C:\\Users\\ajays\\Desktop\\Kanban_CS546\\node_modules\\.bin',
929 verbose link bins   false ]
930 verbose linkMans handlebars@4.0.5
931 silly build nan@2.3.5
932 info linkStuff nan@2.3.5
933 silly linkStuff nan@2.3.5 has C:\Users\ajays\Desktop\Kanban_CS546\node_modules as its parent node_modules
934 verbose linkBins nan@2.3.5
935 verbose linkMans nan@2.3.5
936 silly build bcrypt@0.8.7
937 info linkStuff bcrypt@0.8.7
938 silly linkStuff bcrypt@0.8.7 has C:\Users\ajays\Desktop\Kanban_CS546\node_modules as its parent node_modules
939 verbose linkBins bcrypt@0.8.7
940 verbose linkMans bcrypt@0.8.7
941 silly build body-parser@1.15.2
942 info linkStuff body-parser@1.15.2
943 silly linkStuff body-parser@1.15.2 has C:\Users\ajays\Desktop\Kanban_CS546\node_modules as its parent node_modules
944 verbose linkBins body-parser@1.15.2
945 verbose linkMans body-parser@1.15.2
946 silly build express@4.14.0
947 info linkStuff express@4.14.0
948 silly linkStuff express@4.14.0 has C:\Users\ajays\Desktop\Kanban_CS546\node_modules as its parent node_modules
949 verbose linkBins express@4.14.0
950 verbose linkMans express@4.14.0
951 silly build express-handlebars@3.0.0
952 info linkStuff express-handlebars@3.0.0
953 silly linkStuff express-handlebars@3.0.0 has C:\Users\ajays\Desktop\Kanban_CS546\node_modules as its parent node_modules
954 verbose linkBins express-handlebars@3.0.0
955 verbose linkMans express-handlebars@3.0.0
956 silly build mongodb@2.2.11
957 info linkStuff mongodb@2.2.11
958 silly linkStuff mongodb@2.2.11 has C:\Users\ajays\Desktop\Kanban_CS546\node_modules as its parent node_modules
959 verbose linkBins mongodb@2.2.11
960 verbose linkMans mongodb@2.2.11
961 silly build node-uuid@1.4.7
962 info linkStuff node-uuid@1.4.7
963 silly linkStuff node-uuid@1.4.7 has C:\Users\ajays\Desktop\Kanban_CS546\node_modules as its parent node_modules
964 verbose linkBins node-uuid@1.4.7
965 verbose link bins [ { uuid: './bin/uuid' },
965 verbose link bins   'C:\\Users\\ajays\\Desktop\\Kanban_CS546\\node_modules\\.bin',
965 verbose link bins   false ]
966 verbose linkMans node-uuid@1.4.7
967 silly doSerial global-link 0
968 silly doParallel update-linked 0
969 silly doSerial install 9
970 silly install bindings@1.2.1 C:\Users\ajays\Desktop\Kanban_CS546\node_modules\.staging\bindings-adc3a9ed
971 info lifecycle bindings@1.2.1~install: bindings@1.2.1
972 silly lifecycle bindings@1.2.1~install: no script for install, continuing
973 silly install handlebars@4.0.5 C:\Users\ajays\Desktop\Kanban_CS546\node_modules\.staging\handlebars-d76c779b
974 info lifecycle handlebars@4.0.5~install: handlebars@4.0.5
975 silly lifecycle handlebars@4.0.5~install: no script for install, continuing
976 silly install nan@2.3.5 C:\Users\ajays\Desktop\Kanban_CS546\node_modules\.staging\nan-d2686940
977 info lifecycle nan@2.3.5~install: nan@2.3.5
978 silly lifecycle nan@2.3.5~install: no script for install, continuing
979 silly install bcrypt@0.8.7 C:\Users\ajays\Desktop\Kanban_CS546\node_modules\.staging\bcrypt-3a14523f
980 info lifecycle bcrypt@0.8.7~install: bcrypt@0.8.7
981 verbose lifecycle bcrypt@0.8.7~install: unsafe-perm in lifecycle true
982 verbose lifecycle bcrypt@0.8.7~install: PATH: C:\Program Files\nodejs\node_modules\npm\bin\node-gyp-bin;C:\Users\ajays\Desktop\Kanban_CS546\node_modules\bcrypt\node_modules\.bin;C:\Users\ajays\Desktop\Kanban_CS546\node_modules\.bin;C:\Program Files\nodejs;C:\Program Files (x86)\Intel\iCLS Client\;C:\Program Files\Intel\iCLS Client\;C:\Windows\system32;C:\Windows;C:\Windows\System32\Wbem;C:\Windows\System32\WindowsPowerShell\v1.0\;C:\Program Files (x86)\Intel\Intel(R) Management Engine Components\DAL;C:\Program Files\Intel\Intel(R) Management Engine Components\DAL;C:\Program Files (x86)\Intel\Intel(R) Management Engine Components\IPT;C:\Program Files\Intel\Intel(R) Management Engine Components\IPT;C:\Program Files (x86)\NVIDIA Corporation\PhysX\Common;C:\Program Files\Intel\WiFi\bin\;C:\Program Files\Common Files\Intel\WirelessCommon\;C:\Program Files (x86)\Skype\Phone\;C:\WINDOWS\system32;C:\WINDOWS;C:\WINDOWS\System32\Wbem;C:\WINDOWS\System32\WindowsPowerShell\v1.0\;C:\Program Files (x86)\Windows Live\Shared;C:\OpenSSH\bin;C:\Program Files\Amazon\AWSCLI\;C:\Program Files\nodejs\;C:\Program Files\Java\jdk\bin;C:\Program Files\Java\jre\bin;C:\Program Files\OpenSSH\bin;c:\users\ajays\appdata\local\enthought\canopy\user\scripts;C:\Users\ajays\AppData\Local\Enthought\Canopy\User;C:\Users\ajays\AppData\Local\Enthought\Canopy\User\Scripts;C:\Users\ajays\AppData\Roaming\npm;C:\Users\ajays\AppData\Local\Microsoft\WindowsApps;;C:\Program Files (x86)\Microsoft VS Code\bin
983 verbose lifecycle bcrypt@0.8.7~install: CWD: C:\Users\ajays\Desktop\Kanban_CS546\node_modules\bcrypt
984 silly lifecycle bcrypt@0.8.7~install: Args: [ '/d /s /c', 'node-gyp rebuild' ]
985 silly lifecycle bcrypt@0.8.7~install: Returned: code: 1  signal: null
986 info lifecycle bcrypt@0.8.7~install: Failed to exec install script
987 verbose unlock done using C:\Users\ajays\AppData\Roaming\npm-cache\_locks\staging-8e89243a2f05ebc0.lock for C:\Users\ajays\Desktop\Kanban_CS546\node_modules\.staging
988 silly rollbackFailedOptional Starting
989 silly rollbackFailedOptional Finishing
990 silly runTopLevelLifecycles Starting
991 silly runTopLevelLifecycles Finishing
992 silly install printInstalled
993 verbose stack Error: bcrypt@0.8.7 install: `node-gyp rebuild`
993 verbose stack Exit status 1
993 verbose stack     at EventEmitter.<anonymous> (C:\Program Files\nodejs\node_modules\npm\lib\utils\lifecycle.js:245:16)
993 verbose stack     at emitTwo (events.js:106:13)
993 verbose stack     at EventEmitter.emit (events.js:191:7)
993 verbose stack     at ChildProcess.<anonymous> (C:\Program Files\nodejs\node_modules\npm\lib\utils\spawn.js:24:14)
993 verbose stack     at emitTwo (events.js:106:13)
993 verbose stack     at ChildProcess.emit (events.js:191:7)
993 verbose stack     at maybeClose (internal/child_process.js:850:16)
993 verbose stack     at Process.ChildProcess._handle.onexit (internal/child_process.js:215:5)
994 verbose pkgid bcrypt@0.8.7
995 verbose cwd C:\Users\ajays\Desktop\Kanban_CS546
996 error Windows_NT 10.0.14393
997 error argv "C:\\Program Files\\nodejs\\node.exe" "C:\\Program Files\\nodejs\\node_modules\\npm\\bin\\npm-cli.js" "install" "bcrypt"
998 error node v6.2.0
999 error npm  v3.8.9
1000 error code ELIFECYCLE
1001 error bcrypt@0.8.7 install: `node-gyp rebuild`
1001 error Exit status 1
1002 error Failed at the bcrypt@0.8.7 install script 'node-gyp rebuild'.
1002 error Make sure you have the latest version of node.js and npm installed.
1002 error If you do, this is most likely a problem with the bcrypt package,
1002 error not with npm itself.
1002 error Tell the author that this fails on your system:
1002 error     node-gyp rebuild
1002 error You can get information on how to open an issue for this project with:
1002 error     npm bugs bcrypt
1002 error Or if that isn't available, you can get their info via:
1002 error     npm owner ls bcrypt
1002 error There is likely additional logging output above.
1003 verbose exit [ 1, true ]
